TN:
SF:src/app/api/health/route.ts
FN:8,GET
FN:26,(anonymous_7)
FN:54,checkDatabase
FN:92,checkMemory
FN:122,checkDisk
FN:125,(anonymous_11)
FNF:6
FNH:0
FNDA:0,GET
FNDA:0,(anonymous_7)
FNDA:0,checkDatabase
FNDA:0,checkMemory
FNDA:0,checkDisk
FNDA:0,(anonymous_11)
DA:6,0
DA:8,0
DA:9,0
DA:11,0
DA:25,0
DA:26,0
DA:29,0
DA:38,0
DA:40,0
DA:55,0
DA:57,0
DA:59,0
DA:70,0
DA:77,0
DA:82,0
DA:93,0
DA:94,0
DA:95,0
DA:96,0
DA:97,0
DA:100,0
DA:102,0
DA:112,0
DA:123,0
DA:125,0
DA:126,0
DA:128,0
DA:135,0
DA:143,0
LF:29
LH:0
BRDA:16,0,0,0
BRDA:16,0,1,0
BRDA:30,1,0,0
BRDA:30,1,1,0
BRDA:44,2,0,0
BRDA:44,2,1,0
BRDA:57,3,0,0
BRDA:64,4,0,0
BRDA:64,4,1,0
BRDA:71,5,0,0
BRDA:71,5,1,0
BRDA:72,6,0,0
BRDA:72,6,1,0
BRDA:73,7,0,0
BRDA:73,7,1,0
BRDA:84,8,0,0
BRDA:84,8,1,0
BRDA:100,9,0,0
BRDA:100,9,1,0
BRDA:109,10,0,0
BRDA:109,10,1,0
BRDA:114,11,0,0
BRDA:114,11,1,0
BRDA:137,12,0,0
BRDA:137,12,1,0
BRF:25
BRH:0
end_of_record
TN:
SF:src/app/auth/callback/route.ts
FN:9,GET
FNF:1
FNH:0
FNDA:0,GET
DA:6,0
DA:7,0
DA:9,0
DA:10,0
DA:11,0
DA:12,0
DA:14,0
DA:15,0
DA:17,0
DA:19,0
DA:21,0
DA:23,0
DA:25,0
DA:27,0
DA:34,0
DA:35,0
DA:39,0
DA:40,0
DA:43,0
DA:44,0
DA:47,0
DA:48,0
DA:53,0
LF:23
LH:0
BRDA:12,0,0,0
BRDA:12,0,1,0
BRDA:14,1,0,0
BRDA:21,2,0,0
BRDA:21,2,1,0
BRDA:25,3,0,0
BRDA:34,4,0,0
BRDA:34,5,0,0
BRDA:34,5,1,0
BRDA:34,5,2,0
BRDA:39,6,0,0
BRDA:39,6,1,0
BRF:12
BRH:0
end_of_record
TN:
SF:src/entities/comment/api.ts
FN:21,getCommentsByVideoId
FN:82,(anonymous_8)
FN:130,getCommentById
FN:182,createComment
FN:241,updateComment
FN:313,deleteComment
FN:351,getUserCommentCountForVideo
FNF:7
FNH:0
FNDA:0,getCommentsByVideoId
FNDA:0,(anonymous_8)
FNDA:0,getCommentById
FNDA:0,createComment
FNDA:0,updateComment
FNDA:0,deleteComment
FNDA:0,getUserCommentCountForVideo
DA:6,0
DA:21,0
DA:24,0
DA:31,0
DA:33,0
DA:35,0
DA:58,0
DA:59,0
DA:61,0
DA:65,0
DA:68,0
DA:70,0
DA:72,0
DA:73,0
DA:74,0
DA:78,0
DA:80,0
DA:81,0
DA:83,0
DA:89,0
DA:96,0
DA:100,0
DA:101,0
DA:102,0
DA:109,0
DA:112,0
DA:118,0
DA:119,0
DA:130,0
DA:131,0
DA:133,0
DA:134,0
DA:157,0
DA:158,0
DA:159,0
DA:163,0
DA:169,0
DA:174,0
DA:175,0
DA:182,0
DA:183,0
DA:185,0
DA:187,0
DA:188,0
DA:189,0
DA:193,0
DA:220,0
DA:221,0
DA:222,0
DA:225,0
DA:233,0
DA:234,0
DA:241,0
DA:245,0
DA:247,0
DA:249,0
DA:250,0
DA:251,0
DA:255,0
DA:282,0
DA:283,0
DA:284,0
DA:285,0
DA:287,0
DA:291,0
DA:297,0
DA:305,0
DA:306,0
DA:313,0
DA:314,0
DA:316,0
DA:318,0
DA:319,0
DA:320,0
DA:324,0
DA:333,0
DA:334,0
DA:335,0
DA:336,0
DA:338,0
DA:341,0
DA:343,0
DA:344,0
DA:351,0
DA:355,0
DA:357,0
DA:358,0
DA:365,0
DA:366,0
DA:367,0
DA:370,0
DA:372,0
DA:373,0
LF:93
LH:0
BRDA:27,0,0,0
BRDA:28,1,0,0
BRDA:29,2,0,0
BRDA:30,3,0,0
BRDA:58,4,0,0
BRDA:58,4,1,0
BRDA:72,5,0,0
BRDA:80,6,0,0
BRDA:80,6,1,0
BRDA:80,7,0,0
BRDA:80,7,1,0
BRDA:91,8,0,0
BRDA:91,8,1,0
BRDA:96,9,0,0
BRDA:96,9,1,0
BRDA:100,10,0,0
BRDA:100,10,1,0
BRDA:101,11,0,0
BRDA:109,12,0,0
BRDA:109,12,1,0
BRDA:157,13,0,0
BRDA:171,14,0,0
BRDA:171,14,1,0
BRDA:188,15,0,0
BRDA:188,16,0,0
BRDA:188,16,1,0
BRDA:198,17,0,0
BRDA:198,17,1,0
BRDA:220,18,0,0
BRDA:250,19,0,0
BRDA:250,20,0,0
BRDA:250,20,1,0
BRDA:282,21,0,0
BRDA:284,22,0,0
BRDA:301,23,0,0
BRDA:301,23,1,0
BRDA:319,24,0,0
BRDA:319,25,0,0
BRDA:319,25,1,0
BRDA:333,26,0,0
BRDA:335,27,0,0
BRDA:365,28,0,0
BRDA:370,29,0,0
BRDA:370,29,1,0
BRF:44
BRH:0
end_of_record
TN:
SF:src/entities/comment/utils.ts
FN:11,formatTimeAgo
FN:52,isValidComment
FN:60,sanitizeCommentContent
FN:70,canDeleteComment
FN:75,canEditComment
FN:90,buildCommentTree
FN:95,(anonymous_19)
FN:100,(anonymous_20)
FN:120,truncateComment
FN:131,extractMentions
FN:146,extractHashtags
FN:161,calculateCommentStats
FN:163,(anonymous_25)
FN:179,(anonymous_26)
FN:183,(anonymous_27)
FN:187,(anonymous_28)
FN:196,(anonymous_29)
FN:199,(anonymous_30)
FN:202,(anonymous_31)
FN:202,(anonymous_32)
FN:206,(anonymous_33)
FN:206,(anonymous_34)
FN:210,(anonymous_35)
FNF:23
FNH:0
FNDA:0,formatTimeAgo
FNDA:0,isValidComment
FNDA:0,sanitizeCommentContent
FNDA:0,canDeleteComment
FNDA:0,canEditComment
FNDA:0,buildCommentTree
FNDA:0,(anonymous_19)
FNDA:0,(anonymous_20)
FNDA:0,truncateComment
FNDA:0,extractMentions
FNDA:0,extractHashtags
FNDA:0,calculateCommentStats
FNDA:0,(anonymous_25)
FNDA:0,(anonymous_26)
FNDA:0,(anonymous_27)
FNDA:0,(anonymous_28)
FNDA:0,(anonymous_29)
FNDA:0,(anonymous_30)
FNDA:0,(anonymous_31)
FNDA:0,(anonymous_32)
FNDA:0,(anonymous_33)
FNDA:0,(anonymous_34)
FNDA:0,(anonymous_35)
DA:11,0
DA:12,0
DA:13,0
DA:14,0
DA:16,0
DA:17,0
DA:20,0
DA:21,0
DA:22,0
DA:25,0
DA:26,0
DA:27,0
DA:30,0
DA:31,0
DA:32,0
DA:35,0
DA:36,0
DA:37,0
DA:40,0
DA:41,0
DA:42,0
DA:45,0
DA:46,0
DA:52,0
DA:53,0
DA:54,0
DA:60,0
DA:70,0
DA:71,0
DA:72,0
DA:75,0
DA:76,0
DA:77,0
DA:80,0
DA:81,0
DA:82,0
DA:84,0
DA:90,0
DA:91,0
DA:92,0
DA:95,0
DA:96,0
DA:100,0
DA:101,0
DA:103,0
DA:104,0
DA:105,0
DA:106,0
DA:110,0
DA:114,0
DA:120,0
DA:121,0
DA:122,0
DA:125,0
DA:131,0
DA:132,0
DA:133,0
DA:136,0
DA:137,0
DA:146,0
DA:147,0
DA:148,0
DA:151,0
DA:152,0
DA:161,0
DA:162,0
DA:163,0
DA:164,0
DA:166,0
DA:177,0
DA:180,0
DA:184,0
DA:188,0
DA:194,0
DA:196,0
DA:199,0
DA:202,0
DA:203,0
DA:206,0
DA:207,0
DA:210,0
LF:81
LH:0
BRDA:16,0,0,0
BRDA:21,1,0,0
BRDA:26,2,0,0
BRDA:31,3,0,0
BRDA:36,4,0,0
BRDA:41,5,0,0
BRDA:54,6,0,0
BRDA:54,6,1,0
BRDA:71,7,0,0
BRDA:76,8,0,0
BRDA:77,9,0,0
BRDA:101,10,0,0
BRDA:101,10,1,0
BRDA:104,11,0,0
BRDA:105,12,0,0
BRDA:120,13,0,0
BRDA:121,14,0,0
BRDA:170,15,0,0
BRDA:170,15,1,0
BRDA:188,16,0,0
BRDA:188,16,1,0
BRDA:188,17,0,0
BRDA:188,17,1,0
BRF:23
BRH:0
end_of_record
TN:
SF:src/entities/proposal/api.ts
FN:31,getProposalsByUser
FN:125,(anonymous_12)
FN:169,getProposalById
FN:225,createProposal
FN:310,updateProposal
FN:389,deleteProposal
FN:423,getMessagesByProposal
FN:493,createMessage
FN:550,getNotificationsByUser
FN:612,markNotificationAsRead
FN:644,getProposalStatsByUser
FN:663,(anonymous_22)
FN:664,(anonymous_23)
FN:667,(anonymous_24)
FN:670,(anonymous_25)
FN:672,(anonymous_26)
FNF:16
FNH:0
FNDA:0,getProposalsByUser
FNDA:0,(anonymous_12)
FNDA:0,getProposalById
FNDA:0,createProposal
FNDA:0,updateProposal
FNDA:0,deleteProposal
FNDA:0,getMessagesByProposal
FNDA:0,createMessage
FNDA:0,getNotificationsByUser
FNDA:0,markNotificationAsRead
FNDA:0,getProposalStatsByUser
FNDA:0,(anonymous_22)
FNDA:0,(anonymous_23)
FNDA:0,(anonymous_24)
FNDA:0,(anonymous_25)
FNDA:0,(anonymous_26)
DA:6,0
DA:31,0
DA:34,0
DA:43,0
DA:45,0
DA:46,0
DA:82,0
DA:83,0
DA:85,0
DA:89,0
DA:90,0
DA:94,0
DA:95,0
DA:96,0
DA:100,0
DA:102,0
DA:103,0
DA:105,0
DA:106,0
DA:109,0
DA:110,0
DA:114,0
DA:116,0
DA:118,0
DA:119,0
DA:120,0
DA:124,0
DA:126,0
DA:133,0
DA:141,0
DA:142,0
DA:143,0
DA:148,0
DA:151,0
DA:157,0
DA:158,0
DA:169,0
DA:170,0
DA:172,0
DA:173,0
DA:210,0
DA:211,0
DA:212,0
DA:215,0
DA:217,0
DA:218,0
DA:225,0
DA:226,0
DA:228,0
DA:230,0
DA:231,0
DA:232,0
DA:236,0
DA:242,0
DA:243,0
DA:247,0
DA:292,0
DA:293,0
DA:294,0
DA:297,0
DA:302,0
DA:303,0
DA:310,0
DA:314,0
DA:316,0
DA:318,0
DA:319,0
DA:320,0
DA:324,0
DA:325,0
DA:326,0
DA:330,0
DA:368,0
DA:369,0
DA:370,0
DA:371,0
DA:373,0
DA:376,0
DA:381,0
DA:382,0
DA:389,0
DA:390,0
DA:392,0
DA:394,0
DA:395,0
DA:396,0
DA:400,0
DA:405,0
DA:406,0
DA:407,0
DA:408,0
DA:410,0
DA:413,0
DA:415,0
DA:416,0
DA:423,0
DA:426,0
DA:427,0
DA:429,0
DA:430,0
DA:453,0
DA:455,0
DA:456,0
DA:457,0
DA:461,0
DA:462,0
DA:463,0
DA:464,0
DA:473,0
DA:475,0
DA:481,0
DA:482,0
DA:493,0
DA:494,0
DA:496,0
DA:498,0
DA:499,0
DA:500,0
DA:504,0
DA:532,0
DA:533,0
DA:534,0
DA:537,0
DA:542,0
DA:543,0
DA:550,0
DA:553,0
DA:554,0
DA:556,0
DA:557,0
DA:563,0
DA:564,0
DA:568,0
DA:569,0
DA:572,0
DA:576,0
DA:578,0
DA:579,0
DA:580,0
DA:584,0
DA:590,0
DA:592,0
DA:599,0
DA:600,0
DA:612,0
DA:613,0
DA:615,0
DA:616,0
DA:626,0
DA:627,0
DA:628,0
DA:631,0
DA:636,0
DA:637,0
DA:644,0
DA:645,0
DA:647,0
DA:649,0
DA:655,0
DA:660,0
DA:661,0
DA:663,0
DA:664,0
DA:666,0
DA:667,0
DA:669,0
DA:670,0
DA:672,0
DA:673,0
DA:676,0
DA:680,0
DA:690,0
DA:691,0
LF:173
LH:0
BRDA:39,0,0,0
BRDA:40,1,0,0
BRDA:41,2,0,0
BRDA:82,3,0,0
BRDA:82,3,1,0
BRDA:89,4,0,0
BRDA:94,5,0,0
BRDA:94,6,0,0
BRDA:94,6,1,0
BRDA:100,7,0,0
BRDA:100,7,1,0
BRDA:100,7,2,0
BRDA:100,7,3,0
BRDA:118,8,0,0
BRDA:125,9,0,0
BRDA:125,9,1,0
BRDA:135,10,0,0
BRDA:135,10,1,0
BRDA:141,11,0,0
BRDA:141,11,1,0
BRDA:142,12,0,0
BRDA:146,13,0,0
BRDA:146,13,1,0
BRDA:148,14,0,0
BRDA:148,14,1,0
BRDA:210,15,0,0
BRDA:231,16,0,0
BRDA:231,17,0,0
BRDA:231,17,1,0
BRDA:242,18,0,0
BRDA:255,19,0,0
BRDA:255,19,1,0
BRDA:256,20,0,0
BRDA:256,20,1,0
BRDA:292,21,0,0
BRDA:319,22,0,0
BRDA:319,23,0,0
BRDA:319,23,1,0
BRDA:325,24,0,0
BRDA:325,25,0,0
BRDA:325,25,1,0
BRDA:368,26,0,0
BRDA:370,27,0,0
BRDA:395,28,0,0
BRDA:395,29,0,0
BRDA:395,29,1,0
BRDA:405,30,0,0
BRDA:407,31,0,0
BRDA:427,32,0,0
BRDA:427,33,0,0
BRDA:427,34,0,0
BRDA:455,35,0,0
BRDA:461,36,0,0
BRDA:463,37,0,0
BRDA:473,38,0,0
BRDA:473,38,1,0
BRDA:476,39,0,0
BRDA:476,39,1,0
BRDA:499,40,0,0
BRDA:499,41,0,0
BRDA:499,41,1,0
BRDA:510,42,0,0
BRDA:510,42,1,0
BRDA:511,43,0,0
BRDA:511,43,1,0
BRDA:532,44,0,0
BRDA:554,45,0,0
BRDA:554,46,0,0
BRDA:563,47,0,0
BRDA:568,48,0,0
BRDA:578,49,0,0
BRDA:590,50,0,0
BRDA:590,50,1,0
BRDA:593,51,0,0
BRDA:593,51,1,0
BRDA:595,52,0,0
BRDA:595,52,1,0
BRDA:626,53,0,0
BRDA:660,54,0,0
BRDA:660,54,1,0
BRDA:661,55,0,0
BRDA:661,55,1,0
BRDA:663,56,0,0
BRDA:663,56,1,0
BRDA:664,57,0,0
BRDA:664,57,1,0
BRDA:666,58,0,0
BRDA:666,58,1,0
BRDA:666,59,0,0
BRDA:666,59,1,0
BRDA:669,60,0,0
BRDA:669,60,1,0
BRDA:669,61,0,0
BRDA:669,61,1,0
BRDA:672,62,0,0
BRDA:672,62,1,0
BRDA:673,63,0,0
BRDA:673,63,1,0
BRDA:676,64,0,0
BRDA:676,64,1,0
BRF:100
BRH:0
end_of_record
TN:
SF:src/entities/proposal/utils.ts
FN:17,getProposalStatusText
FN:35,getProposalStatusColor
FN:53,getNotificationTypeText
FN:73,getNotificationIcon
FN:93,formatProposalTime
FN:133,formatBudgetRange
FN:143,validateProposal
FN:188,validateMessage
FN:206,sanitizeProposalContent
FN:217,canEditProposal
FN:234,canRespondToProposal
FN:247,canDeleteProposal
FN:260,canSendMessage
FN:276,getProposalSummary
FN:292,getProposalPriority
FN:333,getProposalSearchText
FN:351,formatResponseRate
FN:359,getProposalStatusOptions
FN:376,getProposalUrl
FN:383,getVideoProposalUrl
FNF:20
FNH:0
FNDA:0,getProposalStatusText
FNDA:0,getProposalStatusColor
FNDA:0,getNotificationTypeText
FNDA:0,getNotificationIcon
FNDA:0,formatProposalTime
FNDA:0,formatBudgetRange
FNDA:0,validateProposal
FNDA:0,validateMessage
FNDA:0,sanitizeProposalContent
FNDA:0,canEditProposal
FNDA:0,canRespondToProposal
FNDA:0,canDeleteProposal
FNDA:0,canSendMessage
FNDA:0,getProposalSummary
FNDA:0,getProposalPriority
FNDA:0,getProposalSearchText
FNDA:0,formatResponseRate
FNDA:0,getProposalStatusOptions
FNDA:0,getProposalUrl
FNDA:0,getVideoProposalUrl
DA:17,0
DA:18,0
DA:20,0
DA:22,0
DA:24,0
DA:26,0
DA:28,0
DA:35,0
DA:36,0
DA:38,0
DA:40,0
DA:42,0
DA:44,0
DA:46,0
DA:53,0
DA:54,0
DA:56,0
DA:58,0
DA:60,0
DA:62,0
DA:64,0
DA:66,0
DA:73,0
DA:74,0
DA:76,0
DA:78,0
DA:80,0
DA:82,0
DA:84,0
DA:86,0
DA:93,0
DA:94,0
DA:95,0
DA:96,0
DA:98,0
DA:99,0
DA:102,0
DA:103,0
DA:104,0
DA:107,0
DA:108,0
DA:109,0
DA:112,0
DA:113,0
DA:114,0
DA:117,0
DA:118,0
DA:119,0
DA:123,0
DA:133,0
DA:134,0
DA:135,0
DA:137,0
DA:143,0
DA:149,0
DA:150,0
DA:153,0
DA:154,0
DA:155,0
DA:156,0
DA:157,0
DA:158,0
DA:162,0
DA:163,0
DA:164,0
DA:165,0
DA:166,0
DA:167,0
DA:171,0
DA:172,0
DA:173,0
DA:177,0
DA:178,0
DA:179,0
DA:182,0
DA:188,0
DA:189,0
DA:190,0
DA:192,0
DA:193,0
DA:194,0
DA:195,0
DA:196,0
DA:197,0
DA:200,0
DA:206,0
DA:207,0
DA:217,0
DA:221,0
DA:224,0
DA:225,0
DA:228,0
DA:234,0
DA:238,0
DA:241,0
DA:247,0
DA:251,0
DA:254,0
DA:260,0
DA:264,0
DA:267,0
DA:276,0
DA:280,0
DA:282,0
DA:283,0
DA:286,0
DA:292,0
DA:293,0
DA:296,0
DA:298,0
DA:299,0
DA:301,0
DA:302,0
DA:304,0
DA:305,0
DA:307,0
DA:308,0
DA:312,0
DA:313,0
DA:317,0
DA:321,0
DA:322,0
DA:323,0
DA:324,0
DA:327,0
DA:333,0
DA:334,0
DA:351,0
DA:352,0
DA:353,0
DA:359,0
DA:364,0
DA:376,0
DA:377,0
DA:383,0
DA:384,0
LF:136
LH:0
BRDA:18,0,0,0
BRDA:18,0,1,0
BRDA:18,0,2,0
BRDA:18,0,3,0
BRDA:18,0,4,0
BRDA:36,1,0,0
BRDA:36,1,1,0
BRDA:36,1,2,0
BRDA:36,1,3,0
BRDA:36,1,4,0
BRDA:54,2,0,0
BRDA:54,2,1,0
BRDA:54,2,2,0
BRDA:54,2,3,0
BRDA:54,2,4,0
BRDA:54,2,5,0
BRDA:74,3,0,0
BRDA:74,3,1,0
BRDA:74,3,2,0
BRDA:74,3,3,0
BRDA:74,3,4,0
BRDA:74,3,5,0
BRDA:98,4,0,0
BRDA:103,5,0,0
BRDA:108,6,0,0
BRDA:113,7,0,0
BRDA:118,8,0,0
BRDA:134,9,0,0
BRDA:134,10,0,0
BRDA:134,10,1,0
BRDA:153,11,0,0
BRDA:153,11,1,0
BRDA:153,12,0,0
BRDA:153,12,1,0
BRDA:156,13,0,0
BRDA:162,14,0,0
BRDA:162,14,1,0
BRDA:162,15,0,0
BRDA:162,15,1,0
BRDA:165,16,0,0
BRDA:171,17,0,0
BRDA:171,18,0,0
BRDA:171,18,1,0
BRDA:177,19,0,0
BRDA:177,20,0,0
BRDA:177,20,1,0
BRDA:192,21,0,0
BRDA:192,21,1,0
BRDA:192,22,0,0
BRDA:192,22,1,0
BRDA:195,23,0,0
BRDA:221,24,0,0
BRDA:224,25,0,0
BRDA:238,26,0,0
BRDA:241,27,0,0
BRDA:241,27,1,0
BRDA:251,28,0,0
BRDA:264,29,0,0
BRDA:268,30,0,0
BRDA:268,30,1,0
BRDA:278,31,0,0
BRDA:282,32,0,0
BRDA:296,33,0,0
BRDA:296,33,1,0
BRDA:296,33,2,0
BRDA:296,33,3,0
BRDA:312,34,0,0
BRDA:312,35,0,0
BRDA:312,35,1,0
BRDA:321,36,0,0
BRDA:321,36,1,0
BRDA:323,37,0,0
BRDA:339,38,0,0
BRDA:339,38,1,0
BRDA:340,39,0,0
BRDA:340,39,1,0
BRDA:341,40,0,0
BRDA:341,40,1,0
BRDA:352,41,0,0
BRF:79
BRH:0
end_of_record
TN:
SF:src/entities/user/api.ts
FN:26,getCurrentProfile
FN:57,getProfileById
FN:82,getProfileByUsername
FN:107,createProfile
FN:158,updateProfile
FN:208,completeOnboarding
FN:243,getProfileStatus
FN:266,getProfiles
FN:357,getUserStats
FNF:9
FNH:0
FNDA:0,getCurrentProfile
FNDA:0,getProfileById
FNDA:0,getProfileByUsername
FNDA:0,createProfile
FNDA:0,updateProfile
FNDA:0,completeOnboarding
FNDA:0,getProfileStatus
FNDA:0,getProfiles
FNDA:0,getUserStats
DA:6,0
DA:26,0
DA:27,0
DA:28,0
DA:30,0
DA:32,0
DA:33,0
DA:36,0
DA:42,0
DA:43,0
DA:44,0
DA:47,0
DA:49,0
DA:50,0
DA:57,0
DA:58,0
DA:59,0
DA:61,0
DA:67,0
DA:68,0
DA:69,0
DA:72,0
DA:74,0
DA:75,0
DA:82,0
DA:83,0
DA:84,0
DA:86,0
DA:92,0
DA:93,0
DA:94,0
DA:97,0
DA:99,0
DA:100,0
DA:107,0
DA:108,0
DA:109,0
DA:111,0
DA:113,0
DA:114,0
DA:118,0
DA:124,0
DA:125,0
DA:129,0
DA:143,0
DA:144,0
DA:145,0
DA:148,0
DA:150,0
DA:151,0
DA:158,0
DA:159,0
DA:160,0
DA:162,0
DA:164,0
DA:165,0
DA:169,0
DA:170,0
DA:177,0
DA:178,0
DA:183,0
DA:193,0
DA:194,0
DA:195,0
DA:198,0
DA:200,0
DA:201,0
DA:208,0
DA:209,0
DA:210,0
DA:212,0
DA:214,0
DA:215,0
DA:218,0
DA:228,0
DA:229,0
DA:230,0
DA:233,0
DA:235,0
DA:236,0
DA:243,0
DA:244,0
DA:245,0
DA:247,0
DA:254,0
DA:255,0
DA:266,0
DA:271,0
DA:272,0
DA:274,0
DA:291,0
DA:292,0
DA:294,0
DA:295,0
DA:297,0
DA:298,0
DA:300,0
DA:301,0
DA:303,0
DA:304,0
DA:308,0
DA:309,0
DA:311,0
DA:315,0
DA:316,0
DA:317,0
DA:318,0
DA:321,0
DA:323,0
DA:324,0
DA:325,0
DA:328,0
DA:329,0
DA:330,0
DA:331,0
DA:333,0
DA:342,0
DA:343,0
DA:357,0
DA:358,0
DA:359,0
DA:366,0
DA:374,0
DA:381,0
DA:382,0
LF:125
LH:0
BRDA:32,0,0,0
BRDA:32,1,0,0
BRDA:32,1,1,0
BRDA:42,2,0,0
BRDA:42,3,0,0
BRDA:42,3,1,0
BRDA:47,4,0,0
BRDA:47,4,1,0
BRDA:67,5,0,0
BRDA:67,6,0,0
BRDA:67,6,1,0
BRDA:72,7,0,0
BRDA:72,7,1,0
BRDA:92,8,0,0
BRDA:92,9,0,0
BRDA:92,9,1,0
BRDA:97,10,0,0
BRDA:97,10,1,0
BRDA:113,11,0,0
BRDA:113,12,0,0
BRDA:113,12,1,0
BRDA:124,13,0,0
BRDA:135,14,0,0
BRDA:135,14,1,0
BRDA:136,15,0,0
BRDA:136,15,1,0
BRDA:137,16,0,0
BRDA:137,16,1,0
BRDA:143,17,0,0
BRDA:164,18,0,0
BRDA:164,19,0,0
BRDA:164,19,1,0
BRDA:169,20,0,0
BRDA:177,21,0,0
BRDA:193,22,0,0
BRDA:214,23,0,0
BRDA:214,24,0,0
BRDA:214,24,1,0
BRDA:228,25,0,0
BRDA:249,26,0,0
BRDA:249,26,1,0
BRDA:250,27,0,0
BRDA:250,27,1,0
BRDA:291,28,0,0
BRDA:294,29,0,0
BRDA:297,30,0,0
BRDA:300,31,0,0
BRDA:303,32,0,0
BRDA:308,33,0,0
BRDA:308,33,1,0
BRDA:315,34,0,0
BRDA:323,35,0,0
BRDA:328,36,0,0
BRDA:328,36,1,0
BRDA:329,37,0,0
BRDA:329,37,1,0
BRDA:330,38,0,0
BRDA:330,38,1,0
BRDA:334,39,0,0
BRDA:334,39,1,0
BRDA:375,40,0,0
BRDA:375,40,1,0
BRDA:376,41,0,0
BRDA:376,41,1,0
BRDA:377,42,0,0
BRDA:377,42,1,0
BRDA:378,43,0,0
BRDA:378,43,1,0
BRF:68
BRH:0
end_of_record
TN:
SF:src/entities/video/api.ts
FN:29,createVideo
FN:62,(anonymous_13)
FN:93,updateVideo
FN:135,(anonymous_15)
FN:162,updateVideoStatus
FN:221,deleteVideo
FN:260,getVideoById
FN:318,(anonymous_19)
FN:337,getCreatorVideos
FN:395,(anonymous_21)
FN:414,(anonymous_22)
FN:438,getPublicVideos
FN:517,(anonymous_24)
FN:536,(anonymous_25)
FN:560,getCreatorDashboardStats
FN:588,(anonymous_27)
FN:629,getVideoCategories
FN:654,getTrendingVideos
FN:681,(anonymous_30)
FN:698,getRelatedVideos
FN:752,(anonymous_32)
FNF:21
FNH:0
FNDA:0,createVideo
FNDA:0,(anonymous_13)
FNDA:0,updateVideo
FNDA:0,(anonymous_15)
FNDA:0,updateVideoStatus
FNDA:0,deleteVideo
FNDA:0,getVideoById
FNDA:0,(anonymous_19)
FNDA:0,getCreatorVideos
FNDA:0,(anonymous_21)
FNDA:0,(anonymous_22)
FNDA:0,getPublicVideos
FNDA:0,(anonymous_24)
FNDA:0,(anonymous_25)
FNDA:0,getCreatorDashboardStats
FNDA:0,(anonymous_27)
FNDA:0,getVideoCategories
FNDA:0,getTrendingVideos
FNDA:0,(anonymous_30)
FNDA:0,getRelatedVideos
FNDA:0,(anonymous_32)
DA:6,0
DA:29,0
DA:33,0
DA:34,0
DA:36,0
DA:52,0
DA:53,0
DA:54,0
DA:61,0
DA:62,0
DA:67,0
DA:71,0
DA:72,0
DA:77,0
DA:82,0
DA:83,0
DA:93,0
DA:98,0
DA:99,0
DA:101,0
DA:117,0
DA:118,0
DA:119,0
DA:126,0
DA:128,0
DA:134,0
DA:135,0
DA:140,0
DA:146,0
DA:151,0
DA:152,0
DA:162,0
DA:179,0
DA:180,0
DA:182,0
DA:189,0
DA:197,0
DA:198,0
DA:199,0
DA:205,0
DA:210,0
DA:211,0
DA:221,0
DA:225,0
DA:226,0
DA:228,0
DA:237,0
DA:238,0
DA:239,0
DA:245,0
DA:249,0
DA:250,0
DA:260,0
DA:264,0
DA:265,0
DA:267,0
DA:284,0
DA:285,0
DA:288,0
DA:290,0
DA:291,0
DA:292,0
DA:299,0
DA:318,0
DA:321,0
DA:326,0
DA:327,0
DA:337,0
DA:341,0
DA:342,0
DA:343,0
DA:345,0
DA:362,0
DA:363,0
DA:365,0
DA:366,0
DA:368,0
DA:369,0
DA:373,0
DA:374,0
DA:375,0
DA:378,0
DA:379,0
DA:380,0
DA:381,0
DA:383,0
DA:385,0
DA:386,0
DA:387,0
DA:395,0
DA:414,0
DA:417,0
DA:418,0
DA:420,0
DA:426,0
DA:427,0
DA:438,0
DA:441,0
DA:442,0
DA:443,0
DA:445,0
DA:463,0
DA:464,0
DA:466,0
DA:467,0
DA:469,0
DA:470,0
DA:472,0
DA:473,0
DA:477,0
DA:478,0
DA:480,0
DA:481,0
DA:485,0
DA:486,0
DA:490,0
DA:491,0
DA:496,0
DA:500,0
DA:501,0
DA:502,0
DA:503,0
DA:505,0
DA:507,0
DA:508,0
DA:509,0
DA:517,0
DA:536,0
DA:539,0
DA:540,0
DA:542,0
DA:548,0
DA:549,0
DA:560,0
DA:563,0
DA:564,0
DA:567,0
DA:582,0
DA:583,0
DA:584,0
DA:587,0
DA:589,0
DA:591,0
DA:592,0
DA:593,0
DA:594,0
DA:595,0
DA:596,0
DA:599,0
DA:600,0
DA:601,0
DA:602,0
DA:603,0
DA:606,0
DA:619,0
DA:621,0
DA:622,0
DA:629,0
DA:630,0
DA:631,0
DA:633,0
DA:639,0
DA:640,0
DA:641,0
DA:644,0
DA:646,0
DA:647,0
DA:654,0
DA:655,0
DA:656,0
DA:658,0
DA:676,0
DA:677,0
DA:678,0
DA:681,0
DA:690,0
DA:691,0
DA:698,0
DA:706,0
DA:707,0
DA:708,0
DA:711,0
DA:717,0
DA:729,0
DA:730,0
DA:734,0
DA:735,0
DA:739,0
DA:740,0
DA:743,0
DA:747,0
DA:748,0
DA:749,0
DA:752,0
DA:757,0
DA:758,0
LF:196
LH:0
BRDA:41,0,0,0
BRDA:41,0,1,0
BRDA:42,1,0,0
BRDA:42,1,1,0
BRDA:43,2,0,0
BRDA:43,2,1,0
BRDA:44,3,0,0
BRDA:44,3,1,0
BRDA:45,4,0,0
BRDA:45,4,1,0
BRDA:52,5,0,0
BRDA:61,6,0,0
BRDA:61,7,0,0
BRDA:61,7,1,0
BRDA:71,8,0,0
BRDA:117,9,0,0
BRDA:126,10,0,0
BRDA:134,11,0,0
BRDA:184,12,0,0
BRDA:184,12,1,0
BRDA:185,13,0,0
BRDA:185,13,1,0
BRDA:197,14,0,0
BRDA:237,15,0,0
BRDA:262,16,0,0
BRDA:284,17,0,0
BRDA:290,18,0,0
BRDA:301,19,0,0
BRDA:301,19,1,0
BRDA:317,20,0,0
BRDA:317,20,1,0
BRDA:318,21,0,0
BRDA:318,21,1,0
BRDA:343,22,0,0
BRDA:343,22,1,0
BRDA:362,23,0,0
BRDA:362,24,0,0
BRDA:362,24,1,0
BRDA:365,25,0,0
BRDA:368,26,0,0
BRDA:373,27,0,0
BRDA:373,27,1,0
BRDA:374,28,0,0
BRDA:374,28,1,0
BRDA:378,29,0,0
BRDA:378,29,1,0
BRDA:379,30,0,0
BRDA:379,30,1,0
BRDA:385,31,0,0
BRDA:395,32,0,0
BRDA:395,32,1,0
BRDA:397,33,0,0
BRDA:397,33,1,0
BRDA:413,34,0,0
BRDA:413,34,1,0
BRDA:414,35,0,0
BRDA:414,35,1,0
BRDA:417,36,0,0
BRDA:417,36,1,0
BRDA:443,37,0,0
BRDA:443,37,1,0
BRDA:463,38,0,0
BRDA:466,39,0,0
BRDA:466,40,0,0
BRDA:466,40,1,0
BRDA:469,41,0,0
BRDA:472,42,0,0
BRDA:477,43,0,0
BRDA:477,43,1,0
BRDA:478,44,0,0
BRDA:478,44,1,0
BRDA:480,45,0,0
BRDA:480,45,1,0
BRDA:485,46,0,0
BRDA:485,46,1,0
BRDA:490,47,0,0
BRDA:490,47,1,0
BRDA:500,48,0,0
BRDA:500,48,1,0
BRDA:501,49,0,0
BRDA:501,49,1,0
BRDA:507,50,0,0
BRDA:517,51,0,0
BRDA:517,51,1,0
BRDA:519,52,0,0
BRDA:519,52,1,0
BRDA:535,53,0,0
BRDA:535,53,1,0
BRDA:536,54,0,0
BRDA:536,54,1,0
BRDA:539,55,0,0
BRDA:539,55,1,0
BRDA:582,56,0,0
BRDA:591,57,0,0
BRDA:591,57,1,0
BRDA:593,58,0,0
BRDA:593,58,1,0
BRDA:593,59,0,0
BRDA:593,59,1,0
BRDA:595,60,0,0
BRDA:599,61,0,0
BRDA:599,62,0,0
BRDA:599,62,1,0
BRDA:599,62,2,0
BRDA:601,63,0,0
BRDA:601,63,1,0
BRDA:602,64,0,0
BRDA:602,64,1,0
BRDA:603,65,0,0
BRDA:603,65,1,0
BRDA:639,66,0,0
BRDA:654,67,0,0
BRDA:676,68,0,0
BRDA:681,69,0,0
BRDA:681,69,1,0
BRDA:685,70,0,0
BRDA:685,70,1,0
BRDA:685,71,0,0
BRDA:685,71,1,0
BRDA:685,72,0,0
BRDA:685,72,1,0
BRDA:686,73,0,0
BRDA:686,73,1,0
BRDA:686,74,0,0
BRDA:686,74,1,0
BRDA:686,75,0,0
BRDA:686,75,1,0
BRDA:700,76,0,0
BRDA:708,77,0,0
BRDA:708,78,0,0
BRDA:729,79,0,0
BRDA:734,80,0,0
BRDA:734,81,0,0
BRDA:734,81,1,0
BRDA:739,82,0,0
BRDA:739,83,0,0
BRDA:739,83,1,0
BRDA:747,84,0,0
BRDA:752,85,0,0
BRDA:752,85,1,0
BRDA:754,86,0,0
BRDA:754,86,1,0
BRDA:754,87,0,0
BRDA:754,87,1,0
BRF:144
BRH:0
end_of_record
TN:
SF:src/entities/video/types.ts
FNF:0
FNH:0
DA:238,0
DA:250,0
DA:259,0
LF:3
LH:0
BRF:0
BRH:0
end_of_record
TN:
SF:src/entities/video/utils.ts
FN:11,formatVideoDuration
FN:28,formatViewCount
FN:52,calculateEngagementRate
FN:68,isValidVideo
FN:91,getCategoryColor
FN:111,getAiModelIcon
FNF:6
FNH:0
FNDA:0,formatVideoDuration
FNDA:0,formatViewCount
FNDA:0,calculateEngagementRate
FNDA:0,isValidVideo
FNDA:0,getCategoryColor
FNDA:0,getAiModelIcon
DA:11,0
DA:13,0
DA:14,0
DA:17,0
DA:18,0
DA:20,0
DA:28,0
DA:29,0
DA:30,0
DA:33,0
DA:34,0
DA:35,0
DA:38,0
DA:39,0
DA:40,0
DA:43,0
DA:44,0
DA:52,0
DA:57,0
DA:59,0
DA:60,0
DA:68,0
DA:76,0
DA:91,0
DA:92,0
DA:103,0
DA:111,0
DA:112,0
DA:121,0
LF:29
LH:0
BRDA:13,0,0,0
BRDA:13,1,0,0
BRDA:13,1,1,0
BRDA:13,1,2,0
BRDA:29,2,0,0
BRDA:33,3,0,0
BRDA:35,4,0,0
BRDA:35,4,1,0
BRDA:38,5,0,0
BRDA:40,6,0,0
BRDA:40,6,1,0
BRDA:44,7,0,0
BRDA:44,7,1,0
BRDA:57,8,0,0
BRDA:77,9,0,0
BRDA:77,9,1,0
BRDA:77,9,2,0
BRDA:77,9,3,0
BRDA:77,9,4,0
BRDA:77,9,5,0
BRDA:103,10,0,0
BRDA:103,10,1,0
BRDA:121,11,0,0
BRDA:121,11,1,0
BRF:24
BRH:0
end_of_record
TN:
SF:src/features/auth/actions.ts
FN:15,signInWithGoogle
FN:45,signOut
FN:69,(anonymous_8)
FN:86,updateProfile
FN:174,createOnboardingProfile
FN:247,getCurrentUser
FNF:6
FNH:0
FNDA:0,signInWithGoogle
FNDA:0,signOut
FNDA:0,(anonymous_8)
FNDA:0,updateProfile
FNDA:0,createOnboardingProfile
FNDA:0,getCurrentUser
DA:8,0
DA:9,0
DA:10,0
DA:15,0
DA:16,0
DA:17,0
DA:19,0
DA:30,0
DA:31,0
DA:32,0
DA:35,0
DA:36,0
DA:39,0
DA:45,0
DA:46,0
DA:48,0
DA:50,0
DA:51,0
DA:52,0
DA:55,0
DA:61,0
DA:69,0
DA:86,0
DA:87,0
DA:90,0
DA:92,0
DA:93,0
DA:100,0
DA:109,0
DA:111,0
DA:112,0
DA:113,0
DA:120,0
DA:122,0
DA:124,0
DA:131,0
DA:132,0
DA:140,0
DA:152,0
DA:153,0
DA:154,0
DA:161,0
DA:163,0
DA:164,0
DA:174,0
DA:175,0
DA:177,0
DA:179,0
DA:180,0
DA:184,0
DA:193,0
DA:194,0
DA:197,0
DA:198,0
DA:201,0
DA:202,0
DA:205,0
DA:207,0
DA:213,0
DA:214,0
DA:218,0
DA:231,0
DA:232,0
DA:233,0
DA:237,0
DA:239,0
DA:240,0
DA:247,0
DA:248,0
DA:250,0
DA:252,0
DA:253,0
DA:257,0
DA:263,0
LF:74
LH:0
BRDA:22,0,0,0
BRDA:22,0,1,0
BRDA:30,1,0,0
BRDA:35,2,0,0
BRDA:50,3,0,0
BRDA:92,4,0,0
BRDA:92,5,0,0
BRDA:92,5,1,0
BRDA:103,6,0,0
BRDA:103,6,1,0
BRDA:104,7,0,0
BRDA:104,7,1,0
BRDA:105,8,0,0
BRDA:105,8,1,0
BRDA:111,9,0,0
BRDA:131,10,0,0
BRDA:146,11,0,0
BRDA:146,11,1,0
BRDA:147,12,0,0
BRDA:147,12,1,0
BRDA:148,13,0,0
BRDA:148,13,1,0
BRDA:152,14,0,0
BRDA:179,15,0,0
BRDA:179,16,0,0
BRDA:179,16,1,0
BRDA:187,17,0,0
BRDA:187,17,1,0
BRDA:188,18,0,0
BRDA:188,18,1,0
BRDA:189,19,0,0
BRDA:189,19,1,0
BRDA:193,20,0,0
BRDA:193,21,0,0
BRDA:193,21,1,0
BRDA:193,21,2,0
BRDA:197,22,0,0
BRDA:197,23,0,0
BRDA:197,23,1,0
BRDA:201,24,0,0
BRDA:213,25,0,0
BRDA:231,26,0,0
BRDA:252,27,0,0
BRDA:252,28,0,0
BRDA:252,28,1,0
BRF:45
BRH:0
end_of_record
TN:
SF:src/features/comments/actions.ts
FN:24,addComment
FN:68,editComment
FN:108,removeComment
FN:131,reportComment
FNF:4
FNH:0
FNDA:0,addComment
FNDA:0,editComment
FNDA:0,removeComment
FNDA:0,reportComment
DA:8,0
DA:19,0
DA:24,0
DA:29,0
DA:31,0
DA:32,0
DA:35,0
DA:37,0
DA:38,0
DA:42,0
DA:49,0
DA:52,0
DA:53,0
DA:55,0
DA:58,0
DA:60,0
DA:61,0
DA:68,0
DA:73,0
DA:75,0
DA:76,0
DA:79,0
DA:81,0
DA:82,0
DA:86,0
DA:91,0
DA:94,0
DA:95,0
DA:98,0
DA:100,0
DA:101,0
DA:108,0
DA:112,0
DA:114,0
DA:117,0
DA:118,0
DA:121,0
DA:123,0
DA:124,0
DA:131,0
DA:135,0
DA:138,0
DA:140,0
DA:142,0
DA:143,0
LF:45
LH:0
BRDA:31,0,0,0
BRDA:31,1,0,0
BRDA:31,1,1,0
BRDA:37,2,0,0
BRDA:45,3,0,0
BRDA:45,3,1,0
BRDA:52,4,0,0
BRDA:75,5,0,0
BRDA:75,6,0,0
BRDA:75,6,1,0
BRDA:81,7,0,0
BRDA:94,8,0,0
BRDA:117,9,0,0
BRF:13
BRH:0
end_of_record
TN:
SF:src/features/comments/components/CommentForm.tsx
FN:26,CommentForm
FN:43,(anonymous_2)
FN:49,(anonymous_3)
FN:64,(anonymous_4)
FN:114,(anonymous_5)
FN:120,(anonymous_6)
FN:144,(anonymous_7)
FNF:7
FNH:0
FNDA:0,CommentForm
FNDA:0,(anonymous_2)
FNDA:0,(anonymous_3)
FNDA:0,(anonymous_4)
FNDA:0,(anonymous_5)
FNDA:0,(anonymous_6)
FNDA:0,(anonymous_7)
DA:8,0
DA:9,0
DA:10,0
DA:11,0
DA:26,0
DA:36,0
DA:37,0
DA:38,0
DA:41,0
DA:43,0
DA:46,0
DA:47,0
DA:49,0
DA:50,0
DA:52,0
DA:53,0
DA:54,0
DA:57,0
DA:58,0
DA:59,0
DA:62,0
DA:64,0
DA:65,0
DA:68,0
DA:70,0
DA:73,0
DA:76,0
DA:78,0
DA:79,0
DA:98,0
DA:102,0
DA:103,0
DA:105,0
DA:108,0
DA:109,0
DA:114,0
DA:115,0
DA:116,0
DA:117,0
DA:120,0
DA:122,0
DA:123,0
DA:127,0
DA:128,0
DA:144,0
LF:45
LH:0
BRDA:36,0,0,0
BRDA:36,0,1,0
BRDA:52,1,0,0
BRDA:57,2,0,0
BRDA:68,3,0,0
BRDA:68,3,1,0
BRDA:76,4,0,0
BRDA:76,4,1,0
BRDA:78,5,0,0
BRDA:83,6,0,0
BRDA:83,6,1,0
BRDA:115,7,0,0
BRDA:115,7,1,0
BRDA:122,8,0,0
BRDA:122,9,0,0
BRDA:122,9,1,0
BRDA:134,10,0,0
BRDA:134,10,1,0
BRDA:147,11,0,0
BRDA:147,11,1,0
BRDA:156,12,0,0
BRDA:156,12,1,0
BRDA:164,13,0,0
BRDA:164,13,1,0
BRDA:171,14,0,0
BRDA:184,15,0,0
BRDA:184,15,1,0
BRDA:199,16,0,0
BRDA:199,16,1,0
BRDA:199,16,2,0
BRDA:201,17,0,0
BRDA:201,17,1,0
BRDA:207,18,0,0
BRDA:207,18,1,0
BRDA:215,19,0,0
BRDA:215,19,1,0
BRF:36
BRH:0
end_of_record
TN:
SF:src/features/comments/components/CommentItem.tsx
FN:28,CommentItem
FN:47,(anonymous_2)
FN:52,(anonymous_3)
FN:67,(anonymous_4)
FN:72,(anonymous_5)
FN:78,(anonymous_6)
FN:83,(anonymous_7)
FN:87,(anonymous_8)
FN:91,(anonymous_9)
FN:153,(anonymous_10)
FN:184,(anonymous_11)
FN:254,(anonymous_12)
FNF:12
FNH:0
FNDA:0,CommentItem
FNDA:0,(anonymous_2)
FNDA:0,(anonymous_3)
FNDA:0,(anonymous_4)
FNDA:0,(anonymous_5)
FNDA:0,(anonymous_6)
FNDA:0,(anonymous_7)
FNDA:0,(anonymous_8)
FNDA:0,(anonymous_9)
FNDA:0,(anonymous_10)
FNDA:0,(anonymous_11)
FNDA:0,(anonymous_12)
DA:8,0
DA:9,0
DA:10,0
DA:13,0
DA:14,0
DA:15,0
DA:28,0
DA:38,0
DA:39,0
DA:40,0
DA:41,0
DA:43,0
DA:44,0
DA:45,0
DA:47,0
DA:48,0
DA:49,0
DA:52,0
DA:53,0
DA:54,0
DA:55,0
DA:56,0
DA:58,0
DA:61,0
DA:62,0
DA:67,0
DA:68,0
DA:69,0
DA:72,0
DA:73,0
DA:74,0
DA:75,0
DA:78,0
DA:79,0
DA:80,0
DA:83,0
DA:84,0
DA:87,0
DA:88,0
DA:91,0
DA:92,0
DA:96,0
DA:97,0
DA:98,0
DA:153,0
DA:254,0
LF:46
LH:0
BRDA:35,0,0,0
BRDA:43,1,0,0
BRDA:43,1,1,0
BRDA:44,2,0,0
BRDA:44,2,1,0
BRDA:48,3,0,0
BRDA:55,4,0,0
BRDA:55,4,1,0
BRDA:107,5,0,0
BRDA:126,6,0,0
BRDA:131,7,0,0
BRDA:143,8,0,0
BRDA:148,9,0,0
BRDA:159,10,0,0
BRDA:161,11,0,0
BRDA:171,12,0,0
BRDA:182,13,0,0
BRDA:199,14,0,0
BRDA:214,15,0,0
BRDA:214,15,1,0
BRDA:217,16,0,0
BRDA:224,17,0,0
BRDA:224,17,1,0
BRDA:235,18,0,0
BRDA:235,18,1,0
BRDA:251,19,0,0
BRF:26
BRH:0
end_of_record
TN:
SF:src/features/comments/hooks/useComments.ts
FN:41,useComments
FN:63,(anonymous_2)
FN:124,(anonymous_3)
FN:142,(anonymous_4)
FN:160,(anonymous_5)
FN:166,(anonymous_6)
FN:171,(anonymous_7)
FN:172,(anonymous_8)
FN:179,(anonymous_9)
FN:183,(anonymous_10)
FN:184,(anonymous_11)
FN:185,(anonymous_12)
FN:194,(anonymous_13)
FN:195,(anonymous_14)
FN:195,(anonymous_15)
FN:196,(anonymous_16)
FN:200,(anonymous_17)
FN:210,(anonymous_18)
FN:219,(anonymous_19)
FN:225,(anonymous_20)
FNF:20
FNH:0
FNDA:0,useComments
FNDA:0,(anonymous_2)
FNDA:0,(anonymous_3)
FNDA:0,(anonymous_4)
FNDA:0,(anonymous_5)
FNDA:0,(anonymous_6)
FNDA:0,(anonymous_7)
FNDA:0,(anonymous_8)
FNDA:0,(anonymous_9)
FNDA:0,(anonymous_10)
FNDA:0,(anonymous_11)
FNDA:0,(anonymous_12)
FNDA:0,(anonymous_13)
FNDA:0,(anonymous_14)
FNDA:0,(anonymous_15)
FNDA:0,(anonymous_16)
FNDA:0,(anonymous_17)
FNDA:0,(anonymous_18)
FNDA:0,(anonymous_19)
FNDA:0,(anonymous_20)
DA:8,0
DA:9,0
DA:41,0
DA:51,0
DA:53,0
DA:54,0
DA:55,0
DA:56,0
DA:57,0
DA:58,0
DA:60,0
DA:63,0
DA:64,0
DA:65,0
DA:67,0
DA:69,0
DA:71,0
DA:72,0
DA:82,0
DA:104,0
DA:105,0
DA:107,0
DA:110,0
DA:111,0
DA:113,0
DA:115,0
DA:116,0
DA:120,0
DA:122,0
DA:123,0
DA:125,0
DA:131,0
DA:138,0
DA:141,0
DA:142,0
DA:144,0
DA:147,0
DA:148,0
DA:151,0
DA:152,0
DA:154,0
DA:155,0
DA:160,0
DA:161,0
DA:162,0
DA:166,0
DA:167,0
DA:171,0
DA:172,0
DA:173,0
DA:174,0
DA:176,0
DA:179,0
DA:183,0
DA:184,0
DA:185,0
DA:186,0
DA:194,0
DA:195,0
DA:196,0
DA:200,0
DA:201,0
DA:203,0
DA:212,0
DA:221,0
DA:225,0
DA:226,0
DA:230,0
LF:68
LH:0
BRDA:44,0,0,0
BRDA:45,1,0,0
BRDA:46,2,0,0
BRDA:47,3,0,0
BRDA:48,4,0,0
BRDA:49,5,0,0
BRDA:50,6,0,0
BRDA:63,7,0,0
BRDA:63,8,0,0
BRDA:64,9,0,0
BRDA:64,9,1,0
BRDA:104,10,0,0
BRDA:104,10,1,0
BRDA:115,11,0,0
BRDA:122,12,0,0
BRDA:122,12,1,0
BRDA:122,13,0,0
BRDA:122,13,1,0
BRDA:133,14,0,0
BRDA:133,14,1,0
BRDA:138,15,0,0
BRDA:138,15,1,0
BRDA:141,16,0,0
BRDA:141,16,1,0
BRDA:147,17,0,0
BRDA:147,17,1,0
BRDA:148,18,0,0
BRDA:148,18,1,0
BRDA:161,19,0,0
BRDA:161,20,0,0
BRDA:161,20,1,0
BRDA:173,21,0,0
BRDA:173,21,1,0
BRDA:186,22,0,0
BRDA:186,22,1,0
BRDA:201,23,0,0
BRDA:204,24,0,0
BRDA:204,24,1,0
BRDA:209,25,0,0
BRDA:209,25,1,0
BRDA:218,26,0,0
BRDA:218,26,1,0
BRF:42
BRH:0
end_of_record
TN:
SF:src/features/contact/actions.ts
FN:94,createProposalAction
FN:184,updateProposalAction
FN:253,respondToProposalAction
FN:304,deleteProposalAction
FN:340,createMessageAction
FN:405,markNotificationAsReadAction
FN:437,quickCreateProposalAction
FNF:7
FNH:0
FNDA:0,createProposalAction
FNDA:0,updateProposalAction
FNDA:0,respondToProposalAction
FNDA:0,deleteProposalAction
FNDA:0,createMessageAction
FNDA:0,markNotificationAsReadAction
FNDA:0,quickCreateProposalAction
DA:8,0
DA:9,0
DA:10,0
DA:20,0
DA:21,0
DA:24,0
DA:50,0
DA:82,0
DA:94,0
DA:95,0
DA:97,0
DA:98,0
DA:99,0
DA:105,0
DA:106,0
DA:113,0
DA:123,0
DA:124,0
DA:125,0
DA:131,0
DA:134,0
DA:141,0
DA:142,0
DA:143,0
DA:150,0
DA:159,0
DA:161,0
DA:163,0
DA:164,0
DA:165,0
DA:168,0
DA:171,0
DA:173,0
DA:174,0
DA:184,0
DA:185,0
DA:187,0
DA:188,0
DA:189,0
DA:196,0
DA:199,0
DA:200,0
DA:201,0
DA:202,0
DA:203,0
DA:208,0
DA:209,0
DA:210,0
DA:216,0
DA:219,0
DA:220,0
DA:221,0
DA:222,0
DA:223,0
DA:225,0
DA:231,0
DA:233,0
DA:235,0
DA:236,0
DA:237,0
DA:240,0
DA:242,0
DA:243,0
DA:253,0
DA:258,0
DA:260,0
DA:261,0
DA:262,0
DA:268,0
DA:269,0
DA:276,0
DA:277,0
DA:278,0
DA:282,0
DA:284,0
DA:286,0
DA:287,0
DA:288,0
DA:291,0
DA:293,0
DA:294,0
DA:304,0
DA:305,0
DA:307,0
DA:308,0
DA:309,0
DA:316,0
DA:318,0
DA:320,0
DA:321,0
DA:324,0
DA:327,0
DA:329,0
DA:330,0
DA:340,0
DA:341,0
DA:343,0
DA:344,0
DA:345,0
DA:352,0
DA:358,0
DA:359,0
DA:360,0
DA:366,0
DA:369,0
DA:370,0
DA:371,0
DA:378,0
DA:384,0
DA:386,0
DA:388,0
DA:389,0
DA:392,0
DA:394,0
DA:395,0
DA:405,0
DA:406,0
DA:408,0
DA:409,0
DA:410,0
DA:417,0
DA:419,0
DA:421,0
DA:424,0
DA:426,0
DA:427,0
DA:437,0
DA:443,0
DA:445,0
DA:446,0
DA:447,0
DA:448,0
DA:449,0
DA:452,0
DA:454,0
DA:455,0
LF:136
LH:0
BRDA:98,0,0,0
BRDA:105,1,0,0
BRDA:115,2,0,0
BRDA:115,2,1,0
BRDA:118,3,0,0
BRDA:118,3,1,0
BRDA:119,4,0,0
BRDA:119,4,1,0
BRDA:124,5,0,0
BRDA:127,6,0,0
BRDA:127,6,1,0
BRDA:141,7,0,0
BRDA:145,8,0,0
BRDA:145,8,1,0
BRDA:154,9,0,0
BRDA:154,9,1,0
BRDA:155,10,0,0
BRDA:155,10,1,0
BRDA:161,11,0,0
BRDA:161,12,0,0
BRDA:161,12,1,0
BRDA:188,13,0,0
BRDA:202,14,0,0
BRDA:202,15,0,0
BRDA:202,15,1,0
BRDA:203,16,0,0
BRDA:203,16,1,0
BRDA:209,17,0,0
BRDA:212,18,0,0
BRDA:212,18,1,0
BRDA:221,19,0,0
BRDA:222,20,0,0
BRDA:222,20,1,0
BRDA:222,21,0,0
BRDA:222,21,1,0
BRDA:233,22,0,0
BRDA:261,23,0,0
BRDA:268,24,0,0
BRDA:277,25,0,0
BRDA:277,26,0,0
BRDA:277,26,1,0
BRDA:284,27,0,0
BRDA:308,28,0,0
BRDA:318,29,0,0
BRDA:344,30,0,0
BRDA:359,31,0,0
BRDA:362,32,0,0
BRDA:362,32,1,0
BRDA:370,33,0,0
BRDA:373,34,0,0
BRDA:373,34,1,0
BRDA:386,35,0,0
BRDA:409,36,0,0
BRDA:419,37,0,0
BRF:54
BRH:0
end_of_record
TN:
SF:src/features/contact/components/MessageThread.tsx
FN:28,MessageThread
FN:46,(anonymous_2)
FN:51,(anonymous_3)
FN:58,(anonymous_4)
FN:71,(anonymous_5)
FN:79,(anonymous_6)
FN:86,(anonymous_7)
FN:112,(anonymous_8)
FN:158,(anonymous_9)
FNF:9
FNH:0
FNDA:0,MessageThread
FNDA:0,(anonymous_2)
FNDA:0,(anonymous_3)
FNDA:0,(anonymous_4)
FNDA:0,(anonymous_5)
FNDA:0,(anonymous_6)
FNDA:0,(anonymous_7)
FNDA:0,(anonymous_8)
FNDA:0,(anonymous_9)
DA:8,0
DA:9,0
DA:10,0
DA:11,0
DA:12,0
DA:13,0
DA:28,0
DA:38,0
DA:39,0
DA:40,0
DA:41,0
DA:42,0
DA:43,0
DA:46,0
DA:47,0
DA:51,0
DA:52,0
DA:53,0
DA:54,0
DA:58,0
DA:59,0
DA:60,0
DA:61,0
DA:64,0
DA:65,0
DA:66,0
DA:71,0
DA:72,0
DA:73,0
DA:74,0
DA:79,0
DA:80,0
DA:81,0
DA:84,0
DA:86,0
DA:87,0
DA:88,0
DA:89,0
DA:90,0
DA:92,0
DA:94,0
DA:95,0
DA:96,0
DA:97,0
DA:98,0
DA:100,0
DA:102,0
DA:105,0
DA:106,0
DA:112,0
DA:113,0
DA:114,0
DA:115,0
DA:123,0
DA:159,0
DA:160,0
LF:56
LH:0
BRDA:32,0,0,0
BRDA:33,1,0,0
BRDA:53,2,0,0
BRDA:53,2,1,0
BRDA:64,3,0,0
BRDA:72,4,0,0
BRDA:72,5,0,0
BRDA:72,5,1,0
BRDA:72,5,2,0
BRDA:80,6,0,0
BRDA:80,7,0,0
BRDA:80,7,1,0
BRDA:80,7,2,0
BRDA:94,8,0,0
BRDA:94,8,1,0
BRDA:97,9,0,0
BRDA:102,10,0,0
BRDA:102,10,1,0
BRDA:112,11,0,0
BRDA:119,12,0,0
BRDA:119,12,1,0
BRDA:130,13,0,0
BRDA:130,13,1,0
BRDA:138,14,0,0
BRDA:138,14,1,0
BRDA:151,15,0,0
BRDA:163,16,0,0
BRDA:163,16,1,0
BRDA:167,17,0,0
BRDA:167,17,1,0
BRDA:175,18,0,0
BRDA:175,18,1,0
BRDA:179,19,0,0
BRDA:179,19,1,0
BRDA:183,20,0,0
BRDA:183,20,1,0
BRDA:191,21,0,0
BRDA:191,21,1,0
BRDA:196,22,0,0
BRDA:196,22,1,0
BRDA:212,23,0,0
BRDA:229,24,0,0
BRDA:229,24,1,0
BRDA:235,25,0,0
BRDA:235,25,1,0
BRDA:235,25,2,0
BRDA:239,26,0,0
BRDA:247,27,0,0
BRF:48
BRH:0
end_of_record
TN:
SF:src/features/contact/components/ProposalForm.tsx
FN:26,ProposalForm
FN:45,(anonymous_2)
FN:53,(anonymous_3)
FN:60,(anonymous_4)
FN:60,(anonymous_5)
FN:64,(anonymous_6)
FN:69,(anonymous_7)
FN:81,(anonymous_8)
FN:93,(anonymous_9)
FNF:9
FNH:0
FNDA:0,ProposalForm
FNDA:0,(anonymous_2)
FNDA:0,(anonymous_3)
FNDA:0,(anonymous_4)
FNDA:0,(anonymous_5)
FNDA:0,(anonymous_6)
FNDA:0,(anonymous_7)
FNDA:0,(anonymous_8)
FNDA:0,(anonymous_9)
DA:8,0
DA:9,0
DA:10,0
DA:11,0
DA:12,0
DA:13,0
DA:14,0
DA:26,0
DA:34,0
DA:35,0
DA:41,0
DA:42,0
DA:45,0
DA:46,0
DA:53,0
DA:60,0
DA:63,0
DA:64,0
DA:65,0
DA:69,0
DA:70,0
DA:71,0
DA:72,0
DA:81,0
DA:82,0
DA:85,0
DA:86,0
DA:87,0
DA:88,0
DA:91,0
DA:93,0
DA:94,0
DA:95,0
DA:96,0
DA:97,0
DA:98,0
DA:99,0
DA:100,0
DA:101,0
DA:103,0
DA:105,0
DA:106,0
DA:108,0
DA:111,0
DA:112,0
DA:117,0
DA:118,0
DA:119,0
DA:120,0
LF:49
LH:0
BRDA:28,0,0,0
BRDA:29,1,0,0
BRDA:36,2,0,0
BRDA:36,2,1,0
BRDA:47,3,0,0
BRDA:47,3,1,0
BRDA:48,4,0,0
BRDA:48,4,1,0
BRDA:49,5,0,0
BRDA:49,5,1,0
BRDA:50,6,0,0
BRDA:50,6,1,0
BRDA:55,7,0,0
BRDA:55,7,1,0
BRDA:76,8,0,0
BRDA:76,8,1,0
BRDA:86,9,0,0
BRDA:97,10,0,0
BRDA:100,11,0,0
BRDA:101,12,0,0
BRDA:105,13,0,0
BRDA:105,13,1,0
BRDA:105,14,0,0
BRDA:105,14,1,0
BRDA:108,15,0,0
BRDA:108,15,1,0
BRDA:128,16,0,0
BRDA:135,17,0,0
BRDA:158,18,0,0
BRDA:158,18,1,0
BRDA:161,19,0,0
BRDA:187,20,0,0
BRDA:187,20,1,0
BRDA:191,21,0,0
BRDA:215,22,0,0
BRDA:215,22,1,0
BRDA:218,23,0,0
BRDA:243,24,0,0
BRDA:243,24,1,0
BRDA:247,25,0,0
BRDA:258,26,0,0
BRDA:270,27,0,0
BRDA:270,27,1,0
BRDA:274,28,0,0
BRF:44
BRH:0
end_of_record
TN:
SF:src/features/contact/components/ProposalList.tsx
FN:48,ProposalList
FN:67,(anonymous_3)
FN:72,(anonymous_4)
FN:78,(anonymous_5)
FN:223,(anonymous_6)
FN:244,(anonymous_7)
FN:247,(anonymous_8)
FN:273,(anonymous_9)
FNF:8
FNH:0
FNDA:0,ProposalList
FNDA:0,(anonymous_3)
FNDA:0,(anonymous_4)
FNDA:0,(anonymous_5)
FNDA:0,(anonymous_6)
FNDA:0,(anonymous_7)
FNDA:0,(anonymous_8)
FNDA:0,(anonymous_9)
DA:8,0
DA:9,0
DA:10,0
DA:11,0
DA:22,0
DA:30,0
DA:48,0
DA:61,0
DA:62,0
DA:64,0
DA:67,0
DA:68,0
DA:72,0
DA:73,0
DA:74,0
DA:78,0
DA:79,0
DA:80,0
DA:82,0
DA:181,0
DA:223,0
DA:244,0
DA:248,0
DA:274,0
LF:24
LH:0
BRDA:54,0,0,0
BRDA:79,1,0,0
BRDA:79,1,1,0
BRDA:80,2,0,0
BRDA:80,2,1,0
BRDA:106,3,0,0
BRDA:106,3,1,0
BRDA:122,4,0,0
BRDA:128,5,0,0
BRDA:134,6,0,0
BRDA:149,7,0,0
BRDA:164,8,0,0
BRDA:167,9,0,0
BRDA:167,9,1,0
BRDA:170,10,0,0
BRDA:181,11,0,0
BRDA:196,12,0,0
BRDA:196,12,1,0
BRDA:202,13,0,0
BRDA:209,14,0,0
BRDA:209,14,1,0
BRDA:217,15,0,0
BRDA:239,16,0,0
BRDA:260,17,0,0
BRDA:263,18,0,0
BRDA:263,18,1,0
BRDA:266,19,0,0
BRDA:266,19,1,0
BRDA:278,20,0,0
BRDA:278,20,1,0
BRDA:286,21,0,0
BRDA:286,21,1,0
BRF:32
BRH:0
end_of_record
TN:
SF:src/features/realtime-updates/useRealtimeStats.ts
FN:23,useRealtimeVideoStats
FN:31,(anonymous_2)
FN:39,(anonymous_3)
FN:72,(anonymous_4)
FN:96,(anonymous_5)
FN:122,(anonymous_6)
FNF:6
FNH:0
FNDA:0,useRealtimeVideoStats
FNDA:0,(anonymous_2)
FNDA:0,(anonymous_3)
FNDA:0,(anonymous_4)
FNDA:0,(anonymous_5)
FNDA:0,(anonymous_6)
DA:8,0
DA:9,0
DA:23,0
DA:27,0
DA:28,0
DA:29,0
DA:31,0
DA:32,0
DA:34,0
DA:35,0
DA:39,0
DA:40,0
DA:41,0
DA:42,0
DA:45,0
DA:51,0
DA:52,0
DA:55,0
DA:56,0
DA:57,0
DA:61,0
DA:62,0
DA:73,0
DA:76,0
DA:79,0
DA:80,0
DA:81,0
DA:82,0
DA:84,0
DA:88,0
DA:89,0
DA:92,0
DA:97,0
DA:98,0
DA:99,0
DA:100,0
DA:101,0
DA:102,0
DA:103,0
DA:104,0
DA:105,0
DA:106,0
DA:107,0
DA:112,0
DA:113,0
DA:115,0
DA:119,0
DA:122,0
DA:123,0
DA:124,0
DA:129,0
LF:51
LH:0
BRDA:32,0,0,0
BRDA:51,1,0,0
BRDA:51,2,0,0
BRDA:51,2,1,0
BRDA:55,3,0,0
BRDA:76,4,0,0
BRDA:76,4,1,0
BRDA:76,4,2,0
BRDA:76,4,3,0
BRDA:79,5,0,0
BRDA:97,6,0,0
BRDA:97,6,1,0
BRDA:100,7,0,0
BRDA:100,7,1,0
BRDA:103,8,0,0
BRDA:103,8,1,0
BRDA:106,9,0,0
BRDA:113,10,0,0
BRDA:113,10,1,0
BRDA:123,11,0,0
BRF:20
BRH:0
end_of_record
TN:
SF:src/features/upload-video/actions.ts
FN:73,createVideoUpload
FN:111,(anonymous_12)
FN:184,completeVideoUpload
FN:234,(anonymous_14)
FN:254,failVideoUpload
FN:295,updateUploadProgress
FN:335,deleteVideoAction
FN:348,(anonymous_18)
FN:370,redirectToUpload
FN:377,redirectToDashboard
FNF:10
FNH:0
FNDA:0,createVideoUpload
FNDA:0,(anonymous_12)
FNDA:0,completeVideoUpload
FNDA:0,(anonymous_14)
FNDA:0,failVideoUpload
FNDA:0,updateUploadProgress
FNDA:0,deleteVideoAction
FNDA:0,(anonymous_18)
FNDA:0,redirectToUpload
FNDA:0,redirectToDashboard
DA:8,0
DA:9,0
DA:10,0
DA:12,0
DA:13,0
DA:18,0
DA:73,0
DA:74,0
DA:75,0
DA:78,0
DA:79,0
DA:80,0
DA:84,0
DA:101,0
DA:102,0
DA:103,0
DA:104,0
DA:107,0
DA:110,0
DA:111,0
DA:115,0
DA:120,0
DA:130,0
DA:131,0
DA:132,0
DA:136,0
DA:137,0
DA:138,0
DA:140,0
DA:144,0
DA:145,0
DA:146,0
DA:150,0
DA:166,0
DA:173,0
DA:174,0
DA:184,0
DA:185,0
DA:186,0
DA:189,0
DA:190,0
DA:191,0
DA:194,0
DA:195,0
DA:197,0
DA:198,0
DA:202,0
DA:206,0
DA:207,0
DA:208,0
DA:212,0
DA:217,0
DA:228,0
DA:229,0
DA:234,0
DA:235,0
DA:238,0
DA:243,0
DA:244,0
DA:254,0
DA:255,0
DA:256,0
DA:257,0
DA:258,0
DA:261,0
DA:262,0
DA:264,0
DA:265,0
DA:268,0
DA:276,0
DA:277,0
DA:280,0
DA:284,0
DA:285,0
DA:295,0
DA:296,0
DA:297,0
DA:298,0
DA:299,0
DA:302,0
DA:303,0
DA:305,0
DA:306,0
DA:309,0
DA:316,0
DA:317,0
DA:320,0
DA:324,0
DA:325,0
DA:335,0
DA:336,0
DA:337,0
DA:338,0
DA:339,0
DA:342,0
DA:343,0
DA:344,0
DA:348,0
DA:349,0
DA:351,0
DA:352,0
DA:355,0
DA:359,0
DA:360,0
DA:370,0
DA:371,0
DA:377,0
DA:378,0
LF:108
LH:0
BRDA:79,0,0,0
BRDA:79,1,0,0
BRDA:79,1,1,0
BRDA:86,2,0,0
BRDA:86,2,1,0
BRDA:87,3,0,0
BRDA:87,3,1,0
BRDA:88,4,0,0
BRDA:88,4,1,0
BRDA:89,5,0,0
BRDA:89,5,1,0
BRDA:90,6,0,0
BRDA:90,6,1,0
BRDA:95,7,0,0
BRDA:95,7,1,0
BRDA:96,8,0,0
BRDA:96,8,1,0
BRDA:97,9,0,0
BRDA:97,9,1,0
BRDA:102,10,0,0
BRDA:110,11,0,0
BRDA:110,11,1,0
BRDA:115,12,0,0
BRDA:115,12,1,0
BRDA:131,13,0,0
BRDA:131,14,0,0
BRDA:131,14,1,0
BRDA:132,15,0,0
BRDA:132,15,1,0
BRDA:144,16,0,0
BRDA:176,17,0,0
BRDA:176,17,1,0
BRDA:190,18,0,0
BRDA:190,19,0,0
BRDA:190,19,1,0
BRDA:197,20,0,0
BRDA:197,21,0,0
BRDA:197,21,1,0
BRDA:206,22,0,0
BRDA:206,23,0,0
BRDA:206,23,1,0
BRDA:228,24,0,0
BRDA:229,25,0,0
BRDA:229,25,1,0
BRDA:246,26,0,0
BRDA:246,26,1,0
BRDA:257,27,0,0
BRDA:257,28,0,0
BRDA:257,28,1,0
BRDA:264,29,0,0
BRDA:273,30,0,0
BRDA:273,30,1,0
BRDA:276,31,0,0
BRDA:277,32,0,0
BRDA:277,32,1,0
BRDA:287,33,0,0
BRDA:287,33,1,0
BRDA:298,34,0,0
BRDA:298,35,0,0
BRDA:298,35,1,0
BRDA:305,36,0,0
BRDA:305,37,0,0
BRDA:305,37,1,0
BRDA:316,38,0,0
BRDA:317,39,0,0
BRDA:317,39,1,0
BRDA:327,40,0,0
BRDA:327,40,1,0
BRDA:338,41,0,0
BRDA:338,42,0,0
BRDA:338,42,1,0
BRDA:343,43,0,0
BRDA:351,44,0,0
BRDA:352,45,0,0
BRDA:352,45,1,0
BRDA:362,46,0,0
BRDA:362,46,1,0
BRF:77
BRH:0
end_of_record
TN:
SF:src/features/upload-video/ui/DropZone.tsx
FN:26,DropZone
FN:39,(anonymous_2)
FN:40,(anonymous_3)
FN:44,(anonymous_4)
FN:57,(anonymous_5)
FN:68,(anonymous_6)
FN:104,(anonymous_7)
FN:112,(anonymous_8)
FN:118,(anonymous_9)
FN:123,(anonymous_10)
FN:137,(anonymous_11)
FN:145,(anonymous_12)
FN:155,(anonymous_13)
FN:203,(anonymous_14)
FN:246,(anonymous_15)
FNF:15
FNH:0
FNDA:0,DropZone
FNDA:0,(anonymous_2)
FNDA:0,(anonymous_3)
FNDA:0,(anonymous_4)
FNDA:0,(anonymous_5)
FNDA:0,(anonymous_6)
FNDA:0,(anonymous_7)
FNDA:0,(anonymous_8)
FNDA:0,(anonymous_9)
FNDA:0,(anonymous_10)
FNDA:0,(anonymous_11)
FNDA:0,(anonymous_12)
FNDA:0,(anonymous_13)
FNDA:0,(anonymous_14)
FNDA:0,(anonymous_15)
DA:8,0
DA:9,0
DA:26,0
DA:32,0
DA:33,0
DA:34,0
DA:35,0
DA:36,0
DA:39,0
DA:40,0
DA:41,0
DA:42,0
DA:44,0
DA:45,0
DA:53,0
DA:54,0
DA:57,0
DA:58,0
DA:59,0
DA:62,0
DA:63,0
DA:68,0
DA:69,0
DA:71,0
DA:72,0
DA:74,0
DA:76,0
DA:77,0
DA:78,0
DA:79,0
DA:80,0
DA:84,0
DA:87,0
DA:88,0
DA:89,0
DA:90,0
DA:93,0
DA:94,0
DA:95,0
DA:97,0
DA:98,0
DA:99,0
DA:104,0
DA:105,0
DA:106,0
DA:107,0
DA:108,0
DA:112,0
DA:113,0
DA:114,0
DA:115,0
DA:118,0
DA:119,0
DA:120,0
DA:123,0
DA:124,0
DA:125,0
DA:126,0
DA:128,0
DA:130,0
DA:131,0
DA:132,0
DA:137,0
DA:138,0
DA:139,0
DA:140,0
DA:145,0
DA:146,0
DA:147,0
DA:148,0
DA:149,0
DA:150,0
DA:155,0
DA:156,0
DA:157,0
DA:204,0
DA:205,0
DA:247,0
LF:78
LH:0
BRDA:29,0,0,0
BRDA:30,1,0,0
BRDA:69,2,0,0
BRDA:77,3,0,0
BRDA:87,4,0,0
BRDA:107,5,0,0
BRDA:128,6,0,0
BRDA:131,7,0,0
BRDA:139,8,0,0
BRDA:139,9,0,0
BRDA:139,9,1,0
BRDA:149,10,0,0
BRDA:156,11,0,0
BRDA:156,12,0,0
BRDA:156,12,1,0
BRDA:172,13,0,0
BRDA:172,13,1,0
BRDA:174,14,0,0
BRDA:174,14,1,0
BRDA:176,15,0,0
BRDA:176,15,1,0
BRDA:180,16,0,0
BRDA:180,16,1,0
BRDA:181,17,0,0
BRDA:181,17,1,0
BRDA:186,18,0,0
BRDA:191,19,0,0
BRDA:239,20,0,0
BRF:28
BRH:0
end_of_record
TN:
SF:src/features/upload-video/ui/UploadProgress.tsx
FN:22,UploadProgress
FN:36,(anonymous_2)
FN:56,(anonymous_3)
FN:72,(anonymous_4)
FN:88,(anonymous_5)
FN:101,(anonymous_6)
FNF:6
FNH:0
FNDA:0,UploadProgress
FNDA:0,(anonymous_2)
FNDA:0,(anonymous_3)
FNDA:0,(anonymous_4)
FNDA:0,(anonymous_5)
FNDA:0,(anonymous_6)
DA:8,0
DA:10,0
DA:22,0
DA:31,0
DA:32,0
DA:33,0
DA:36,0
DA:37,0
DA:56,0
DA:57,0
DA:59,0
DA:61,0
DA:63,0
DA:65,0
DA:67,0
DA:72,0
DA:73,0
DA:75,0
DA:77,0
DA:79,0
DA:81,0
DA:83,0
DA:88,0
DA:89,0
DA:90,0
DA:92,0
DA:93,0
DA:94,0
DA:95,0
DA:101,0
DA:102,0
DA:103,0
DA:107,0
DA:108,0
DA:109,0
DA:110,0
LF:36
LH:0
BRDA:29,0,0,0
BRDA:57,1,0,0
BRDA:57,1,1,0
BRDA:57,1,2,0
BRDA:57,1,3,0
BRDA:57,1,4,0
BRDA:65,2,0,0
BRDA:65,2,1,0
BRDA:73,3,0,0
BRDA:73,3,1,0
BRDA:73,3,2,0
BRDA:73,3,3,0
BRDA:73,3,4,0
BRDA:89,4,0,0
BRDA:92,5,0,0
BRDA:92,5,1,0
BRDA:92,6,0,0
BRDA:92,6,1,0
BRDA:94,7,0,0
BRDA:94,8,0,0
BRDA:94,8,1,0
BRDA:95,9,0,0
BRDA:95,9,1,0
BRDA:102,10,0,0
BRDA:107,11,0,0
BRDA:107,11,1,0
BRDA:110,12,0,0
BRDA:110,12,1,0
BRDA:116,13,0,0
BRDA:116,13,1,0
BRDA:118,14,0,0
BRDA:118,14,1,0
BRDA:120,15,0,0
BRDA:120,15,1,0
BRDA:146,16,0,0
BRDA:146,16,1,0
BRDA:148,17,0,0
BRDA:148,17,1,0
BRDA:150,18,0,0
BRDA:150,18,1,0
BRDA:175,19,0,0
BRDA:175,19,1,0
BRDA:183,20,0,0
BRDA:190,21,0,0
BRDA:197,22,0,0
BRDA:204,23,0,0
BRDA:204,23,1,0
BRF:47
BRH:0
end_of_record
TN:
SF:src/features/video-analytics/trackView.ts
FN:22,trackVideoView
FN:84,trackVideoViewClient
FN:101,generateSessionId
FN:108,getOrCreateSessionId
FN:125,calculateEngagementScore
FNF:5
FNH:0
FNDA:0,trackVideoView
FNDA:0,trackVideoViewClient
FNDA:0,generateSessionId
FNDA:0,getOrCreateSessionId
FNDA:0,calculateEngagementScore
DA:6,0
DA:22,0
DA:23,0
DA:24,0
DA:27,0
DA:30,0
DA:37,0
DA:39,0
DA:40,0
DA:48,0
DA:49,0
DA:50,0
DA:55,0
DA:68,0
DA:69,0
DA:70,0
DA:74,0
DA:76,0
DA:77,0
DA:84,0
DA:86,0
DA:87,0
DA:88,0
DA:90,0
DA:102,0
DA:109,0
DA:111,0
DA:112,0
DA:114,0
DA:115,0
DA:116,0
DA:119,0
DA:125,0
DA:126,0
DA:128,0
DA:131,0
DA:132,0
DA:133,0
DA:134,0
DA:135,0
DA:137,0
LF:41
LH:0
BRDA:27,0,0,0
BRDA:27,0,1,0
BRDA:37,1,0,0
BRDA:37,1,1,0
BRDA:39,2,0,0
BRDA:48,3,0,0
BRDA:68,4,0,0
BRDA:109,5,0,0
BRDA:114,6,0,0
BRDA:126,7,0,0
BRDA:131,8,0,0
BRDA:132,9,0,0
BRDA:133,10,0,0
BRDA:134,11,0,0
BRDA:135,12,0,0
BRF:15
BRH:0
end_of_record
TN:
SF:src/features/video-interactions/investment.ts
FN:28,addInvestmentInterest
FN:139,cancelInvestmentInterest
FN:172,getUserInvestmentInterest
FN:197,getVideoInvestmentInterests
FN:238,getPublicInvestmentInterests
FNF:5
FNH:0
FNDA:0,addInvestmentInterest
FNDA:0,cancelInvestmentInterest
FNDA:0,getUserInvestmentInterest
FNDA:0,getVideoInvestmentInterests
FNDA:0,getPublicInvestmentInterests
DA:8,0
DA:28,0
DA:29,0
DA:30,0
DA:33,0
DA:35,0
DA:36,0
DA:40,0
DA:46,0
DA:47,0
DA:50,0
DA:51,0
DA:55,0
DA:61,0
DA:62,0
DA:65,0
DA:66,0
DA:69,0
DA:70,0
DA:74,0
DA:81,0
DA:82,0
DA:84,0
DA:99,0
DA:100,0
DA:103,0
DA:105,0
DA:110,0
DA:125,0
DA:126,0
DA:129,0
DA:131,0
DA:132,0
DA:139,0
DA:140,0
DA:141,0
DA:143,0
DA:145,0
DA:146,0
DA:149,0
DA:158,0
DA:159,0
DA:162,0
DA:164,0
DA:165,0
DA:172,0
DA:173,0
DA:174,0
DA:176,0
DA:177,0
DA:179,0
DA:187,0
DA:189,0
DA:190,0
DA:197,0
DA:198,0
DA:199,0
DA:201,0
DA:202,0
DA:205,0
DA:211,0
DA:212,0
DA:215,0
DA:228,0
DA:230,0
DA:231,0
DA:238,0
DA:239,0
DA:240,0
DA:242,0
DA:259,0
DA:261,0
DA:262,0
LF:73
LH:0
BRDA:35,0,0,0
BRDA:35,1,0,0
BRDA:35,1,1,0
BRDA:46,2,0,0
BRDA:46,3,0,0
BRDA:46,3,1,0
BRDA:50,4,0,0
BRDA:61,5,0,0
BRDA:61,6,0,0
BRDA:61,6,1,0
BRDA:65,7,0,0
BRDA:65,8,0,0
BRDA:65,8,1,0
BRDA:69,9,0,0
BRDA:81,10,0,0
BRDA:82,11,0,0
BRDA:82,11,1,0
BRDA:92,12,0,0
BRDA:92,12,1,0
BRDA:99,13,0,0
BRDA:120,14,0,0
BRDA:120,14,1,0
BRDA:125,15,0,0
BRDA:145,16,0,0
BRDA:145,17,0,0
BRDA:145,17,1,0
BRDA:158,18,0,0
BRDA:177,19,0,0
BRDA:202,20,0,0
BRDA:211,21,0,0
BRDA:211,22,0,0
BRDA:211,22,1,0
BRDA:228,23,0,0
BRDA:228,23,1,0
BRDA:259,24,0,0
BRDA:259,24,1,0
BRF:36
BRH:0
end_of_record
TN:
SF:src/features/video-interactions/reactions.ts
FN:27,toggleVideoReaction
FN:124,getUserVideoReaction
FN:148,getVideoReactionStats
FNF:3
FNH:0
FNDA:0,toggleVideoReaction
FNDA:0,getUserVideoReaction
FNDA:0,getVideoReactionStats
DA:8,0
DA:27,0
DA:28,0
DA:29,0
DA:32,0
DA:34,0
DA:35,0
DA:39,0
DA:45,0
DA:46,0
DA:49,0
DA:50,0
DA:54,0
DA:61,0
DA:62,0
DA:64,0
DA:69,0
DA:70,0
DA:74,0
DA:82,0
DA:83,0
DA:88,0
DA:96,0
DA:97,0
DA:102,0
DA:108,0
DA:116,0
DA:117,0
DA:124,0
DA:125,0
DA:126,0
DA:128,0
DA:129,0
DA:131,0
DA:138,0
DA:140,0
DA:141,0
DA:148,0
DA:149,0
DA:150,0
DA:152,0
DA:158,0
DA:163,0
DA:164,0
LF:44
LH:0
BRDA:34,0,0,0
BRDA:34,1,0,0
BRDA:34,1,1,0
BRDA:45,2,0,0
BRDA:45,3,0,0
BRDA:45,3,1,0
BRDA:49,4,0,0
BRDA:49,5,0,0
BRDA:49,5,1,0
BRDA:61,6,0,0
BRDA:61,6,1,0
BRDA:62,7,0,0
BRDA:62,7,1,0
BRDA:69,8,0,0
BRDA:82,9,0,0
BRDA:96,10,0,0
BRDA:111,11,0,0
BRDA:111,11,1,0
BRDA:112,12,0,0
BRDA:112,12,1,0
BRDA:129,13,0,0
BRDA:138,14,0,0
BRDA:138,14,1,0
BRDA:159,15,0,0
BRDA:159,15,1,0
BRDA:160,16,0,0
BRDA:160,16,1,0
BRF:27
BRH:0
end_of_record
TN:
SF:src/features/video-interactions/share.ts
FN:16,shareVideo
FN:30,generateSocialShareUrls
FN:49,generateEmbedCode
FN:79,shareViaWebAPI
FN:100,copyVideoLinkToClipboard
FNF:5
FNH:0
FNDA:0,shareVideo
FNDA:0,generateSocialShareUrls
FNDA:0,generateEmbedCode
FNDA:0,shareViaWebAPI
FNDA:0,copyVideoLinkToClipboard
DA:16,0
DA:17,0
DA:19,0
DA:30,0
DA:31,0
DA:32,0
DA:33,0
DA:34,0
DA:36,0
DA:49,0
DA:63,0
DA:65,0
DA:66,0
DA:68,0
DA:69,0
DA:71,0
DA:73,0
DA:79,0
DA:80,0
DA:81,0
DA:84,0
DA:85,0
DA:90,0
DA:92,0
DA:93,0
DA:100,0
DA:101,0
DA:103,0
DA:104,0
DA:105,0
DA:106,0
DA:109,0
DA:110,0
DA:111,0
DA:112,0
DA:113,0
DA:114,0
DA:115,0
DA:116,0
DA:117,0
DA:118,0
DA:119,0
DA:122,0
DA:123,0
LF:44
LH:0
BRDA:34,0,0,0
BRDA:34,0,1,0
BRDA:51,1,0,0
BRDA:59,2,0,0
BRDA:60,3,0,0
BRDA:61,4,0,0
BRDA:62,5,0,0
BRDA:68,6,0,0
BRDA:69,7,0,0
BRDA:71,8,0,0
BRDA:71,8,1,0
BRDA:80,9,0,0
BRDA:104,10,0,0
BRDA:104,10,1,0
BRF:14
BRH:0
end_of_record
TN:
SF:src/shared/api/supabase/client.ts
FN:9,createClient
FN:19,getSupabaseClient
FNF:2
FNH:0
FNDA:0,createClient
FNDA:0,getSupabaseClient
DA:6,0
DA:7,0
DA:9,0
DA:10,0
DA:19,0
DA:20,0
DA:22,0
DA:26,0
DA:27,0
DA:30,0
LF:10
LH:0
BRDA:20,0,0,0
BRDA:26,1,0,0
BRF:2
BRH:0
end_of_record
TN:
SF:src/shared/api/supabase/middleware.ts
FN:10,createMiddlewareClient
FN:23,(anonymous_2)
FN:26,(anonymous_3)
FN:28,(anonymous_4)
FN:40,(anonymous_5)
FNF:5
FNH:0
FNDA:0,createMiddlewareClient
FNDA:0,(anonymous_2)
FNDA:0,(anonymous_3)
FNDA:0,(anonymous_4)
FNDA:0,(anonymous_5)
DA:6,0
DA:7,0
DA:8,0
DA:10,0
DA:12,0
DA:18,0
DA:24,0
DA:28,0
DA:29,0
DA:33,0
DA:40,0
DA:41,0
DA:48,0
LF:13
LH:0
BRF:0
BRH:0
end_of_record
TN:
SF:src/shared/api/supabase/server.ts
FN:10,createServerClient
FN:18,(anonymous_4)
FN:21,(anonymous_5)
FN:23,(anonymous_6)
FN:40,createServiceClient
FN:50,(anonymous_8)
FN:53,(anonymous_9)
FNF:7
FNH:0
FNDA:0,createServerClient
FNDA:0,(anonymous_4)
FNDA:0,(anonymous_5)
FNDA:0,(anonymous_6)
FNDA:0,createServiceClient
FNDA:0,(anonymous_8)
FNDA:0,(anonymous_9)
DA:6,0
DA:7,0
DA:8,0
DA:10,0
DA:11,0
DA:13,0
DA:19,0
DA:22,0
DA:23,0
DA:24,0
DA:40,0
DA:41,0
DA:42,0
DA:45,0
DA:51,0
LF:15
LH:0
BRDA:41,0,0,0
BRF:1
BRH:0
end_of_record
TN:
SF:src/shared/config/env.ts
FN:31,(anonymous_7)
FN:44,(anonymous_8)
FN:49,(anonymous_9)
FN:58,(anonymous_10)
FN:117,(anonymous_11)
FN:142,validateEnv
FN:160,(anonymous_13)
FN:169,(anonymous_14)
FN:170,(anonymous_15)
FN:185,validateProductionSecurity
FN:205,(anonymous_17)
FN:210,logDevelopmentWarnings
FN:226,getSecurityHeaders
FN:262,isProduction
FN:266,isDevelopment
FN:270,isTest
FN:275,isFeatureEnabled
FNF:17
FNH:0
FNDA:0,(anonymous_7)
FNDA:0,(anonymous_8)
FNDA:0,(anonymous_9)
FNDA:0,(anonymous_10)
FNDA:0,(anonymous_11)
FNDA:0,validateEnv
FNDA:0,(anonymous_13)
FNDA:0,(anonymous_14)
FNDA:0,(anonymous_15)
FNDA:0,validateProductionSecurity
FNDA:0,(anonymous_17)
FNDA:0,logDevelopmentWarnings
FNDA:0,getSecurityHeaders
FNDA:0,isProduction
FNDA:0,isDevelopment
FNDA:0,isTest
FNDA:0,isFeatureEnabled
DA:1,0
DA:4,0
DA:13,0
DA:18,0
DA:32,0
DA:33,0
DA:35,0
DA:44,0
DA:49,0
DA:59,0
DA:60,0
DA:62,0
DA:117,0
DA:143,0
DA:144,0
DA:147,0
DA:148,0
DA:152,0
DA:153,0
DA:156,0
DA:158,0
DA:159,0
DA:160,0
DA:161,0
DA:162,0
DA:163,0
DA:165,0
DA:166,0
DA:169,0
DA:170,0
DA:171,0
DA:176,0
DA:177,0
DA:180,0
DA:186,0
DA:189,0
DA:190,0
DA:194,0
DA:195,0
DA:199,0
DA:200,0
DA:203,0
DA:204,0
DA:205,0
DA:211,0
DA:212,0
DA:215,0
DA:216,0
DA:220,0
DA:226,0
DA:227,0
DA:229,0
DA:231,0
DA:232,0
DA:233,0
DA:234,0
DA:237,0
DA:238,0
DA:242,0
DA:243,0
DA:254,0
DA:258,0
DA:262,0
DA:263,0
DA:266,0
DA:267,0
DA:270,0
DA:271,0
DA:275,0
DA:276,0
LF:70
LH:0
BRDA:32,0,0,0
BRDA:59,1,0,0
BRDA:59,2,0,0
BRDA:59,2,1,0
BRDA:147,3,0,0
BRDA:152,4,0,0
BRDA:159,5,0,0
BRDA:171,6,0,0
BRDA:171,6,1,0
BRDA:171,6,2,0
BRDA:171,6,3,0
BRDA:176,7,0,0
BRDA:189,8,0,0
BRDA:194,9,0,0
BRDA:199,10,0,0
BRDA:203,11,0,0
BRDA:211,12,0,0
BRDA:215,13,0,0
BRDA:229,14,0,0
BRDA:237,15,0,0
BRDA:242,16,0,0
BRF:21
BRH:0
end_of_record
TN:
SF:src/shared/lib/utils.ts
FN:8,cn
FN:15,formatFileSize
FN:28,formatDuration
FN:37,formatRelativeTime
FN:52,isValidEmail
FN:60,isValidVideoFile
FN:68,isValidImageFile
FN:76,isValidUrl
FN:88,hasKorean
FN:96,truncateText
FNF:10
FNH:0
FNDA:0,cn
FNDA:0,formatFileSize
FNDA:0,formatDuration
FNDA:0,formatRelativeTime
FNDA:0,isValidEmail
FNDA:0,isValidVideoFile
FNDA:0,isValidImageFile
FNDA:0,isValidUrl
FNDA:0,hasKorean
FNDA:0,truncateText
DA:1,0
DA:2,0
DA:8,0
DA:9,0
DA:15,0
DA:16,0
DA:18,0
DA:19,0
DA:20,0
DA:22,0
DA:28,0
DA:29,0
DA:30,0
DA:31,0
DA:37,0
DA:38,0
DA:39,0
DA:41,0
DA:42,0
DA:43,0
DA:44,0
DA:46,0
DA:52,0
DA:53,0
DA:54,0
DA:60,0
DA:61,0
DA:62,0
DA:68,0
DA:69,0
DA:70,0
DA:76,0
DA:77,0
DA:78,0
DA:79,0
DA:81,0
DA:88,0
DA:89,0
DA:90,0
DA:96,0
DA:97,0
DA:98,0
LF:42
LH:0
BRDA:16,0,0,0
BRDA:41,1,0,0
BRDA:42,2,0,0
BRDA:43,3,0,0
BRDA:44,4,0,0
BRDA:79,5,0,0
BRDA:79,5,1,0
BRDA:97,6,0,0
BRF:8
BRH:0
end_of_record
TN:
SF:src/shared/lib/accessibility/test-helpers.ts
FN:16,testAccessibility
FN:41,(anonymous_13)
FN:65,(anonymous_14)
FN:89,(anonymous_15)
FN:124,(anonymous_16)
FN:132,(anonymous_17)
FN:150,(anonymous_19)
FN:154,(anonymous_20)
FN:166,(anonymous_21)
FN:183,(anonymous_22)
FN:199,(anonymous_23)
FN:206,(anonymous_24)
FN:210,(anonymous_25)
FN:219,(anonymous_26)
FN:232,(anonymous_27)
FN:249,createAccessibilityTestSuite
FN:258,(anonymous_29)
FN:259,(anonymous_30)
FN:262,(anonymous_31)
FN:267,(anonymous_32)
FN:272,(anonymous_33)
FN:287,(anonymous_34)
FN:290,(anonymous_35)
FN:301,(anonymous_36)
FNF:24
FNH:0
FNDA:0,testAccessibility
FNDA:0,(anonymous_13)
FNDA:0,(anonymous_14)
FNDA:0,(anonymous_15)
FNDA:0,(anonymous_16)
FNDA:0,(anonymous_17)
FNDA:0,(anonymous_19)
FNDA:0,(anonymous_20)
FNDA:0,(anonymous_21)
FNDA:0,(anonymous_22)
FNDA:0,(anonymous_23)
FNDA:0,(anonymous_24)
FNDA:0,(anonymous_25)
FNDA:0,(anonymous_26)
FNDA:0,(anonymous_27)
FNDA:0,createAccessibilityTestSuite
FNDA:0,(anonymous_29)
FNDA:0,(anonymous_30)
FNDA:0,(anonymous_31)
FNDA:0,(anonymous_32)
FNDA:0,(anonymous_33)
FNDA:0,(anonymous_34)
FNDA:0,(anonymous_35)
FNDA:0,(anonymous_36)
DA:6,0
DA:7,0
DA:8,0
DA:11,0
DA:16,0
DA:23,0
DA:28,0
DA:29,0
DA:35,0
DA:36,0
DA:46,0
DA:48,0
DA:49,0
DA:51,0
DA:52,0
DA:58,0
DA:70,0
DA:72,0
DA:73,0
DA:75,0
DA:76,0
DA:82,0
DA:93,0
DA:98,0
DA:100,0
DA:103,0
DA:104,0
DA:106,0
DA:108,0
DA:112,0
DA:113,0
DA:115,0
DA:117,0
DA:125,0
DA:133,0
DA:135,0
DA:138,0
DA:146,0
DA:154,0
DA:155,0
DA:156,0
DA:158,0
DA:168,0
DA:173,0
DA:175,0
DA:176,0
DA:184,0
DA:186,0
DA:187,0
DA:188,0
DA:195,0
DA:200,0
DA:208,0
DA:209,0
DA:210,0
DA:213,0
DA:220,0
DA:227,0
DA:233,0
DA:234,0
DA:235,0
DA:238,0
DA:239,0
DA:249,0
DA:258,0
DA:259,0
DA:262,0
DA:263,0
DA:264,0
DA:267,0
DA:268,0
DA:271,0
DA:272,0
DA:273,0
DA:277,0
DA:280,0
DA:281,0
DA:282,0
DA:286,0
DA:287,0
DA:288,0
DA:289,0
DA:290,0
DA:293,0
DA:295,0
DA:300,0
DA:301,0
DA:302,0
DA:310,0
DA:311,0
DA:312,0
DA:313,0
LF:92
LH:0
BRDA:25,0,0,0
BRDA:25,0,1,0
BRDA:46,1,0,0
BRDA:52,2,0,0
BRDA:52,2,1,0
BRDA:54,3,0,0
BRDA:54,3,1,0
BRDA:54,3,2,0
BRDA:76,4,0,0
BRDA:76,4,1,0
BRDA:78,5,0,0
BRDA:78,5,1,0
BRDA:78,5,2,0
BRDA:93,6,0,0
BRDA:93,6,1,0
BRDA:98,7,0,0
BRDA:98,7,1,0
BRDA:106,8,0,0
BRDA:106,8,1,0
BRDA:115,9,0,0
BRDA:115,9,1,0
BRDA:155,10,0,0
BRDA:155,10,1,0
BRDA:168,11,0,0
BRDA:168,11,1,0
BRDA:168,11,2,0
BRDA:168,11,3,0
BRDA:175,12,0,0
BRDA:199,13,0,0
BRDA:252,14,0,0
BRDA:271,15,0,0
BRDA:286,16,0,0
BRDA:290,17,0,0
BRDA:290,17,1,0
BRDA:293,18,0,0
BRDA:300,19,0,0
BRF:36
BRH:0
end_of_record
TN:
SF:src/shared/lib/error-handling/AsyncErrorBoundary.tsx
FN:23,(anonymous_4)
FN:65,(anonymous_5)
FN:72,(anonymous_6)
FN:94,(anonymous_7)
FN:33,(anonymous_8)
FN:39,(anonymous_9)
FN:46,(anonymous_10)
FN:48,(anonymous_11)
FN:98,(anonymous_12)
FNF:9
FNH:0
FNDA:0,(anonymous_4)
FNDA:0,(anonymous_5)
FNDA:0,(anonymous_6)
FNDA:0,(anonymous_7)
FNDA:0,(anonymous_8)
FNDA:0,(anonymous_9)
FNDA:0,(anonymous_10)
FNDA:0,(anonymous_11)
FNDA:0,(anonymous_12)
DA:3,0
DA:4,0
DA:5,0
DA:22,0
DA:24,0
DA:25,0
DA:28,0
DA:29,0
DA:34,0
DA:35,0
DA:40,0
DA:48,0
DA:49,0
DA:50,0
DA:51,0
DA:54,0
DA:55,0
DA:58,0
DA:60,0
DA:61,0
DA:67,0
DA:72,0
DA:73,0
DA:74,0
DA:75,0
DA:76,0
DA:80,0
DA:81,0
DA:85,0
DA:91,0
DA:95,0
DA:99,0
DA:101,0
DA:102,0
DA:139,0
LF:35
LH:0
BRDA:67,0,0,0
BRDA:67,0,1,0
BRDA:80,1,0,0
BRDA:28,2,0,0
BRDA:34,3,0,0
BRDA:60,4,0,0
BRDA:99,5,0,0
BRDA:101,6,0,0
BRF:8
BRH:0
end_of_record
TN:
SF:src/shared/lib/error-handling/ErrorBoundary.tsx
FN:21,(anonymous_4)
FN:55,(anonymous_5)
FN:59,(anonymous_6)
FN:26,(anonymous_7)
FN:35,(anonymous_8)
FN:37,(anonymous_9)
FN:79,(anonymous_10)
FNF:7
FNH:0
FNDA:0,(anonymous_4)
FNDA:0,(anonymous_5)
FNDA:0,(anonymous_6)
FNDA:0,(anonymous_7)
FNDA:0,(anonymous_8)
FNDA:0,(anonymous_9)
FNDA:0,(anonymous_10)
DA:3,0
DA:4,0
DA:5,0
DA:6,0
DA:20,0
DA:22,0
DA:23,0
DA:28,0
DA:37,0
DA:38,0
DA:39,0
DA:42,0
DA:43,0
DA:47,0
DA:50,0
DA:51,0
DA:56,0
DA:60,0
DA:62,0
DA:80,0
DA:82,0
DA:83,0
DA:140,0
LF:23
LH:0
BRDA:60,0,0,0
BRDA:50,1,0,0
BRDA:80,2,0,0
BRDA:82,3,0,0
BRDA:100,4,0,0
BRDA:100,4,1,0
BRDA:129,5,0,0
BRF:7
BRH:0
end_of_record
TN:
SF:src/shared/lib/error-handling/error-utils.ts
FN:45,(anonymous_20)
FN:56,(anonymous_21)
FN:67,(anonymous_22)
FN:78,(anonymous_23)
FN:89,(anonymous_24)
FN:98,getErrorSeverity
FN:118,getErrorCategory
FN:149,getUserFriendlyMessage
FN:177,reportError
FN:185,(anonymous_29)
FN:229,isRetryableError
FN:251,logError
FN:275,safeExecute
FNF:13
FNH:0
FNDA:0,(anonymous_20)
FNDA:0,(anonymous_21)
FNDA:0,(anonymous_22)
FNDA:0,(anonymous_23)
FNDA:0,(anonymous_24)
FNDA:0,getErrorSeverity
FNDA:0,getErrorCategory
FNDA:0,getUserFriendlyMessage
FNDA:0,reportError
FNDA:0,(anonymous_29)
FNDA:0,isRetryableError
FNDA:0,logError
FNDA:0,safeExecute
DA:1,0
DA:16,0
DA:26,0
DA:40,0
DA:46,0
DA:47,0
DA:51,0
DA:57,0
DA:58,0
DA:62,0
DA:68,0
DA:69,0
DA:73,0
DA:79,0
DA:80,0
DA:84,0
DA:90,0
DA:91,0
DA:98,0
DA:99,0
DA:100,0
DA:103,0
DA:104,0
DA:107,0
DA:108,0
DA:112,0
DA:118,0
DA:119,0
DA:120,0
DA:123,0
DA:124,0
DA:127,0
DA:128,0
DA:131,0
DA:132,0
DA:135,0
DA:136,0
DA:139,0
DA:140,0
DA:143,0
DA:149,0
DA:150,0
DA:151,0
DA:154,0
DA:155,0
DA:158,0
DA:159,0
DA:162,0
DA:163,0
DA:166,0
DA:167,0
DA:171,0
DA:177,0
DA:182,0
DA:183,0
DA:185,0
DA:187,0
DA:188,0
DA:196,0
DA:197,0
DA:198,0
DA:201,0
DA:202,0
DA:205,0
DA:206,0
DA:210,0
DA:214,0
DA:217,0
DA:221,0
DA:222,0
DA:229,0
DA:231,0
DA:232,0
DA:236,0
DA:237,0
DA:241,0
DA:242,0
DA:245,0
DA:251,0
DA:255,0
DA:256,0
DA:257,0
DA:259,0
DA:260,0
DA:261,0
DA:262,0
DA:263,0
DA:265,0
DA:266,0
DA:268,0
DA:275,0
DA:280,0
DA:281,0
DA:283,0
DA:286,0
DA:289,0
DA:292,0
LF:97
LH:0
BRDA:78,0,0,0
BRDA:89,1,0,0
BRDA:99,2,0,0
BRDA:99,3,0,0
BRDA:99,3,1,0
BRDA:103,4,0,0
BRDA:107,5,0,0
BRDA:107,6,0,0
BRDA:107,6,1,0
BRDA:119,7,0,0
BRDA:123,8,0,0
BRDA:127,9,0,0
BRDA:131,10,0,0
BRDA:135,11,0,0
BRDA:139,12,0,0
BRDA:139,13,0,0
BRDA:139,13,1,0
BRDA:150,14,0,0
BRDA:151,15,0,0
BRDA:151,15,1,0
BRDA:154,16,0,0
BRDA:158,17,0,0
BRDA:162,18,0,0
BRDA:166,19,0,0
BRDA:167,20,0,0
BRDA:167,20,1,0
BRDA:187,21,0,0
BRDA:198,22,0,0
BRDA:198,22,1,0
BRDA:201,23,0,0
BRDA:205,24,0,0
BRDA:210,25,0,0
BRDA:210,25,1,0
BRDA:211,26,0,0
BRDA:211,26,1,0
BRDA:212,27,0,0
BRDA:212,27,1,0
BRDA:221,28,0,0
BRDA:231,29,0,0
BRDA:236,30,0,0
BRDA:236,31,0,0
BRDA:236,31,1,0
BRDA:241,32,0,0
BRDA:241,33,0,0
BRDA:241,33,1,0
BRDA:255,34,0,0
BRDA:262,35,0,0
BRDA:265,36,0,0
BRDA:283,37,0,0
BRDA:283,37,1,0
BRDA:292,38,0,0
BRDA:292,38,1,0
BRF:52
BRH:0
end_of_record
TN:
SF:src/shared/lib/performance/performance-monitor.ts
FN:56,(anonymous_5)
FN:68,(anonymous_6)
FN:87,(anonymous_7)
FN:91,(anonymous_8)
FN:100,(anonymous_9)
FN:103,(anonymous_10)
FN:119,(anonymous_11)
FN:122,(anonymous_12)
FN:124,(anonymous_13)
FN:135,(anonymous_14)
FN:137,(anonymous_15)
FN:149,(anonymous_16)
FN:161,(anonymous_17)
FN:177,(anonymous_18)
FN:201,(anonymous_19)
FN:202,(anonymous_20)
FN:206,(anonymous_21)
FN:214,(anonymous_22)
FN:228,(anonymous_23)
FN:245,(anonymous_24)
FN:274,(anonymous_25)
FN:292,(anonymous_26)
FN:309,(anonymous_27)
FN:310,(anonymous_28)
FN:315,(anonymous_29)
FN:320,(anonymous_30)
FN:325,(anonymous_31)
FN:331,(anonymous_32)
FN:343,(anonymous_33)
FN:347,(anonymous_34)
FN:370,(anonymous_35)
FN:383,(anonymous_36)
FN:407,(anonymous_37)
FN:422,(anonymous_38)
FN:431,(anonymous_39)
FN:442,(anonymous_40)
FN:460,(anonymous_41)
FN:471,(anonymous_42)
FN:475,(anonymous_43)
FN:479,(anonymous_44)
FN:483,(anonymous_45)
FN:492,measureExecutionTime
FN:501,(anonymous_47)
FN:512,markPerformancePoint
FN:518,measurePerformanceBetween
FNF:45
FNH:0
FNDA:0,(anonymous_5)
FNDA:0,(anonymous_6)
FNDA:0,(anonymous_7)
FNDA:0,(anonymous_8)
FNDA:0,(anonymous_9)
FNDA:0,(anonymous_10)
FNDA:0,(anonymous_11)
FNDA:0,(anonymous_12)
FNDA:0,(anonymous_13)
FNDA:0,(anonymous_14)
FNDA:0,(anonymous_15)
FNDA:0,(anonymous_16)
FNDA:0,(anonymous_17)
FNDA:0,(anonymous_18)
FNDA:0,(anonymous_19)
FNDA:0,(anonymous_20)
FNDA:0,(anonymous_21)
FNDA:0,(anonymous_22)
FNDA:0,(anonymous_23)
FNDA:0,(anonymous_24)
FNDA:0,(anonymous_25)
FNDA:0,(anonymous_26)
FNDA:0,(anonymous_27)
FNDA:0,(anonymous_28)
FNDA:0,(anonymous_29)
FNDA:0,(anonymous_30)
FNDA:0,(anonymous_31)
FNDA:0,(anonymous_32)
FNDA:0,(anonymous_33)
FNDA:0,(anonymous_34)
FNDA:0,(anonymous_35)
FNDA:0,(anonymous_36)
FNDA:0,(anonymous_37)
FNDA:0,(anonymous_38)
FNDA:0,(anonymous_39)
FNDA:0,(anonymous_40)
FNDA:0,(anonymous_41)
FNDA:0,(anonymous_42)
FNDA:0,(anonymous_43)
FNDA:0,(anonymous_44)
FNDA:0,(anonymous_45)
FNDA:0,measureExecutionTime
FNDA:0,(anonymous_47)
FNDA:0,markPerformancePoint
FNDA:0,measurePerformanceBetween
DA:6,0
DA:7,0
DA:53,0
DA:57,0
DA:59,0
DA:60,0
DA:61,0
DA:62,0
DA:63,0
DA:64,0
DA:69,0
DA:71,0
DA:88,0
DA:93,0
DA:94,0
DA:95,0
DA:96,0
DA:97,0
DA:102,0
DA:103,0
DA:104,0
DA:105,0
DA:106,0
DA:109,0
DA:110,0
DA:112,0
DA:113,0
DA:121,0
DA:122,0
DA:123,0
DA:124,0
DA:126,0
DA:127,0
DA:131,0
DA:137,0
DA:138,0
DA:140,0
DA:145,0
DA:146,0
DA:149,0
DA:150,0
DA:151,0
DA:156,0
DA:157,0
DA:162,0
DA:164,0
DA:165,0
DA:168,0
DA:169,0
DA:176,0
DA:177,0
DA:178,0
DA:192,0
DA:193,0
DA:197,0
DA:202,0
DA:203,0
DA:206,0
DA:207,0
DA:210,0
DA:211,0
DA:215,0
DA:225,0
DA:229,0
DA:237,0
DA:240,0
DA:241,0
DA:242,0
DA:243,0
DA:246,0
DA:248,0
DA:249,0
DA:253,0
DA:259,0
DA:260,0
DA:261,0
DA:262,0
DA:267,0
DA:276,0
DA:277,0
DA:285,0
DA:293,0
DA:310,0
DA:311,0
DA:316,0
DA:319,0
DA:320,0
DA:321,0
DA:325,0
DA:326,0
DA:332,0
DA:333,0
DA:335,0
DA:336,0
DA:337,0
DA:340,0
DA:344,0
DA:346,0
DA:347,0
DA:348,0
DA:363,0
DA:364,0
DA:368,0
DA:369,0
DA:370,0
DA:371,0
DA:373,0
DA:378,0
DA:379,0
DA:384,0
DA:385,0
DA:397,0
DA:398,0
DA:402,0
DA:403,0
DA:408,0
DA:409,0
DA:410,0
DA:413,0
DA:415,0
DA:418,0
DA:423,0
DA:424,0
DA:425,0
DA:427,0
DA:432,0
DA:439,0
DA:444,0
DA:452,0
DA:453,0
DA:455,0
DA:456,0
DA:457,0
DA:461,0
DA:462,0
DA:463,0
DA:464,0
DA:467,0
DA:472,0
DA:476,0
DA:480,0
DA:484,0
DA:489,0
DA:492,0
DA:496,0
DA:498,0
DA:500,0
DA:501,0
DA:502,0
DA:503,0
DA:506,0
DA:507,0
DA:508,0
DA:512,0
DA:513,0
DA:514,0
DA:518,0
DA:519,0
DA:520,0
DA:521,0
DA:522,0
DA:523,0
DA:524,0
DA:527,0
LF:164
LH:0
BRDA:57,0,0,0
BRDA:57,0,1,0
BRDA:59,1,0,0
BRDA:78,2,0,0
BRDA:78,2,1,0
BRDA:102,3,0,0
BRDA:102,4,0,0
BRDA:102,4,1,0
BRDA:105,5,0,0
BRDA:121,6,0,0
BRDA:121,7,0,0
BRDA:121,7,1,0
BRDA:126,8,0,0
BRDA:138,9,0,0
BRDA:150,10,0,0
BRDA:156,11,0,0
BRDA:156,12,0,0
BRDA:156,12,1,0
BRDA:162,13,0,0
BRDA:168,14,0,0
BRDA:168,14,1,0
BRDA:176,15,0,0
BRDA:181,16,0,0
BRDA:181,16,1,0
BRDA:192,17,0,0
BRDA:203,18,0,0
BRDA:203,18,1,0
BRDA:207,19,0,0
BRDA:207,19,1,0
BRDA:248,20,0,0
BRDA:259,21,0,0
BRDA:259,21,1,0
BRDA:261,22,0,0
BRDA:276,23,0,0
BRDA:316,24,0,0
BRDA:319,25,0,0
BRDA:319,25,1,0
BRDA:335,26,0,0
BRDA:346,27,0,0
BRDA:363,28,0,0
BRDA:368,29,0,0
BRDA:397,30,0,0
BRDA:425,31,0,0
BRDA:425,31,1,0
BRDA:453,32,0,0
BRDA:455,33,0,0
BRDA:456,34,0,0
BRDA:461,35,0,0
BRDA:461,36,0,0
BRDA:461,36,1,0
BRDA:463,37,0,0
BRDA:500,38,0,0
BRDA:500,38,1,0
BRDA:513,39,0,0
BRDA:513,40,0,0
BRDA:513,40,1,0
BRDA:519,41,0,0
BRDA:519,42,0,0
BRDA:519,42,1,0
BRDA:523,43,0,0
BRF:60
BRH:0
end_of_record
TN:
SF:src/shared/lib/performance/web-vitals.ts
FN:31,getRating
FN:44,(anonymous_12)
FN:60,(anonymous_13)
FN:71,(anonymous_14)
FN:76,(anonymous_15)
FN:102,(anonymous_16)
FN:107,(anonymous_17)
FN:110,(anonymous_18)
FN:119,(anonymous_19)
FN:127,initWebVitals
FN:131,(anonymous_22)
FN:131,(anonymous_23)
FN:132,(anonymous_24)
FN:133,(anonymous_25)
FN:134,(anonymous_26)
FN:135,(anonymous_27)
FN:136,(anonymous_28)
FN:141,(anonymous_29)
FN:143,(anonymous_30)
FN:161,(anonymous_31)
FN:167,trackCustomMetric
FN:182,trackPageLoad
FN:185,(anonymous_34)
FN:197,useRenderTime
FN:198,(anonymous_36)
FN:201,(anonymous_37)
FN:209,getPerformanceData
FN:217,detectPerformanceIssues
FN:221,(anonymous_40)
FN:236,getRecommendation
FNF:30
FNH:0
FNDA:0,getRating
FNDA:0,(anonymous_12)
FNDA:0,(anonymous_13)
FNDA:0,(anonymous_14)
FNDA:0,(anonymous_15)
FNDA:0,(anonymous_16)
FNDA:0,(anonymous_17)
FNDA:0,(anonymous_18)
FNDA:0,(anonymous_19)
FNDA:0,initWebVitals
FNDA:0,(anonymous_22)
FNDA:0,(anonymous_23)
FNDA:0,(anonymous_24)
FNDA:0,(anonymous_25)
FNDA:0,(anonymous_26)
FNDA:0,(anonymous_27)
FNDA:0,(anonymous_28)
FNDA:0,(anonymous_29)
FNDA:0,(anonymous_30)
FNDA:0,(anonymous_31)
FNDA:0,trackCustomMetric
FNDA:0,trackPageLoad
FNDA:0,(anonymous_34)
FNDA:0,useRenderTime
FNDA:0,(anonymous_36)
FNDA:0,(anonymous_37)
FNDA:0,getPerformanceData
FNDA:0,detectPerformanceIssues
FNDA:0,(anonymous_40)
FNDA:0,getRecommendation
DA:8,0
DA:21,0
DA:32,0
DA:33,0
DA:34,0
DA:35,0
DA:40,0
DA:41,0
DA:45,0
DA:55,0
DA:56,0
DA:61,0
DA:62,0
DA:72,0
DA:77,0
DA:79,0
DA:80,0
DA:81,0
DA:82,0
DA:83,0
DA:84,0
DA:85,0
DA:89,0
DA:97,0
DA:103,0
DA:108,0
DA:110,0
DA:111,0
DA:112,0
DA:113,0
DA:114,0
DA:115,0
DA:119,0
DA:124,0
DA:127,0
DA:128,0
DA:131,0
DA:132,0
DA:133,0
DA:134,0
DA:135,0
DA:136,0
DA:139,0
DA:140,0
DA:141,0
DA:142,0
DA:143,0
DA:144,0
DA:145,0
DA:152,0
DA:156,0
DA:158,0
DA:162,0
DA:167,0
DA:168,0
DA:178,0
DA:182,0
DA:183,0
DA:185,0
DA:186,0
DA:188,0
DA:189,0
DA:190,0
DA:191,0
DA:197,0
DA:198,0
DA:199,0
DA:201,0
DA:202,0
DA:203,0
DA:209,0
DA:210,0
DA:217,0
DA:218,0
DA:219,0
DA:221,0
DA:222,0
DA:223,0
DA:232,0
DA:237,0
DA:246,0
LF:81
LH:0
BRDA:33,0,0,0
BRDA:34,1,0,0
BRDA:61,2,0,0
BRDA:61,2,1,0
BRDA:61,2,2,0
BRDA:62,3,0,0
BRDA:62,3,1,0
BRDA:72,4,0,0
BRDA:72,4,1,0
BRDA:79,5,0,0
BRDA:108,6,0,0
BRDA:111,7,0,0
BRDA:111,7,1,0
BRDA:111,7,2,0
BRDA:111,7,3,0
BRDA:128,8,0,0
BRDA:139,9,0,0
BRDA:144,10,0,0
BRDA:167,11,0,0
BRDA:183,12,0,0
BRDA:188,13,0,0
BRDA:222,14,0,0
BRDA:246,15,0,0
BRDA:246,15,1,0
BRF:24
BRH:0
end_of_record
TN:
SF:src/shared/lib/security/rate-limit.ts
FN:31,(anonymous_9)
FN:33,(anonymous_10)
FN:38,(anonymous_11)
FN:47,(anonymous_12)
FN:56,(anonymous_13)
FN:60,(anonymous_14)
FN:64,(anonymous_15)
FN:75,getClientIP
FN:98,defaultKeyGenerator
FN:107,createUserBasedKeyGenerator
FN:110,(anonymous_19)
FN:122,checkRateLimit
FN:156,(anonymous_21)
FN:161,(anonymous_22)
FN:190,createRateLimitMiddleware
FN:191,rateLimitMiddleware
FN:292,getRateLimitInfo
FN:304,(anonymous_26)
FN:317,resetRateLimit
FN:328,getRateLimitStats
FNF:20
FNH:0
FNDA:0,(anonymous_9)
FNDA:0,(anonymous_10)
FNDA:0,(anonymous_11)
FNDA:0,(anonymous_12)
FNDA:0,(anonymous_13)
FNDA:0,(anonymous_14)
FNDA:0,(anonymous_15)
FNDA:0,getClientIP
FNDA:0,defaultKeyGenerator
FNDA:0,createUserBasedKeyGenerator
FNDA:0,(anonymous_19)
FNDA:0,checkRateLimit
FNDA:0,(anonymous_21)
FNDA:0,(anonymous_22)
FNDA:0,createRateLimitMiddleware
FNDA:0,rateLimitMiddleware
FNDA:0,getRateLimitInfo
FNDA:0,(anonymous_26)
FNDA:0,resetRateLimit
FNDA:0,getRateLimitStats
DA:6,0
DA:7,0
DA:26,0
DA:33,0
DA:34,0
DA:39,0
DA:40,0
DA:41,0
DA:42,0
DA:48,0
DA:49,0
DA:50,0
DA:51,0
DA:53,0
DA:57,0
DA:61,0
DA:65,0
DA:70,0
DA:76,0
DA:77,0
DA:78,0
DA:80,0
DA:81,0
DA:84,0
DA:85,0
DA:88,0
DA:89,0
DA:92,0
DA:99,0
DA:100,0
DA:101,0
DA:107,0
DA:110,0
DA:111,0
DA:112,0
DA:113,0
DA:115,0
DA:122,0
DA:131,0
DA:132,0
DA:133,0
DA:135,0
DA:137,0
DA:139,0
DA:144,0
DA:146,0
DA:155,0
DA:156,0
DA:160,0
DA:161,0
DA:164,0
DA:165,0
DA:168,0
DA:177,0
DA:179,0
DA:190,0
DA:191,0
DA:192,0
DA:193,0
DA:194,0
DA:198,0
DA:201,0
DA:202,0
DA:203,0
DA:204,0
DA:206,0
DA:208,0
DA:209,0
DA:211,0
DA:222,0
DA:229,0
DA:231,0
DA:239,0
DA:280,0
DA:292,0
DA:293,0
DA:294,0
DA:295,0
DA:302,0
DA:303,0
DA:304,0
DA:307,0
DA:317,0
DA:318,0
DA:319,0
DA:321,0
DA:328,0
DA:329,0
LF:88
LH:0
BRDA:41,0,0,0
BRDA:49,1,0,0
BRDA:49,2,0,0
BRDA:49,2,1,0
BRDA:80,3,0,0
BRDA:84,4,0,0
BRDA:88,5,0,0
BRDA:115,6,0,0
BRDA:115,6,1,0
BRDA:137,7,0,0
BRDA:160,8,0,0
BRDA:160,8,1,0
BRDA:193,9,0,0
BRDA:193,9,1,0
BRDA:194,10,0,0
BRDA:194,10,1,0
BRDA:206,11,0,0
BRDA:294,12,0,0
BRDA:318,13,0,0
BRDA:318,13,1,0
BRF:20
BRH:0
end_of_record
TN:
SF:src/shared/lib/security/sanitize.ts
FN:41,sanitizeHtml
FN:49,(anonymous_15)
FN:68,sanitizeUrl
FN:99,sanitizeFilename
FN:114,validateForSqlInjection
FN:148,(anonymous_19)
FN:185,(anonymous_20)
FN:192,validateFileUpload
FN:230,logCspViolation
FN:248,sanitizeUserInput
FNF:10
FNH:0
FNDA:0,sanitizeHtml
FNDA:0,(anonymous_15)
FNDA:0,sanitizeUrl
FNDA:0,sanitizeFilename
FNDA:0,validateForSqlInjection
FNDA:0,(anonymous_19)
FNDA:0,(anonymous_20)
FNDA:0,validateFileUpload
FNDA:0,logCspViolation
FNDA:0,sanitizeUserInput
DA:6,0
DA:9,0
DA:24,0
DA:33,0
DA:41,0
DA:42,0
DA:43,0
DA:46,0
DA:49,0
DA:50,0
DA:54,0
DA:62,0
DA:68,0
DA:69,0
DA:70,0
DA:73,0
DA:76,0
DA:77,0
DA:78,0
DA:83,0
DA:90,0
DA:93,0
DA:99,0
DA:100,0
DA:101,0
DA:104,0
DA:114,0
DA:115,0
DA:116,0
DA:119,0
DA:120,0
DA:121,0
DA:125,0
DA:131,0
DA:144,0
DA:148,0
DA:153,0
DA:162,0
DA:171,0
DA:180,0
DA:185,0
DA:192,0
DA:193,0
DA:203,0
DA:206,0
DA:207,0
DA:211,0
DA:212,0
DA:216,0
DA:217,0
DA:218,0
DA:221,0
DA:230,0
DA:232,0
DA:233,0
DA:248,0
DA:260,0
DA:262,0
DA:263,0
DA:266,0
DA:269,0
DA:270,0
DA:274,0
DA:275,0
DA:279,0
DA:280,0
DA:283,0
LF:67
LH:0
BRDA:42,0,0,0
BRDA:42,1,0,0
BRDA:42,1,1,0
BRDA:69,2,0,0
BRDA:69,3,0,0
BRDA:69,3,1,0
BRDA:77,4,0,0
BRDA:83,5,0,0
BRDA:84,6,0,0
BRDA:84,6,1,0
BRDA:84,6,2,0
BRDA:84,6,3,0
BRDA:84,6,4,0
BRDA:100,7,0,0
BRDA:100,8,0,0
BRDA:100,8,1,0
BRDA:115,9,0,0
BRDA:115,10,0,0
BRDA:115,10,1,0
BRDA:120,11,0,0
BRDA:206,12,0,0
BRDA:211,13,0,0
BRDA:217,14,0,0
BRDA:217,15,0,0
BRDA:217,15,1,0
BRDA:232,16,0,0
BRDA:250,17,0,0
BRDA:257,18,0,0
BRDA:258,19,0,0
BRDA:259,20,0,0
BRDA:262,21,0,0
BRDA:262,22,0,0
BRDA:262,22,1,0
BRDA:269,23,0,0
BRDA:274,24,0,0
BRDA:274,25,0,0
BRDA:274,25,1,0
BRDA:279,26,0,0
BRF:38
BRH:0
end_of_record
TN:
SF:src/shared/ui/button/index.tsx
FN:113,(anonymous_7)
FNF:1
FNH:0
FNDA:0,(anonymous_7)
DA:1,0
DA:2,0
DA:3,0
DA:4,0
DA:6,0
DA:112,0
DA:132,0
DA:199,0
DA:201,0
DA:202,0
LF:10
LH:0
BRDA:119,0,0,0
BRDA:124,1,0,0
BRDA:125,2,0,0
BRDA:134,3,0,0
BRDA:134,3,1,0
BRDA:134,4,0,0
BRDA:134,4,1,0
BRDA:134,5,0,0
BRDA:134,5,1,0
BRDA:141,6,0,0
BRDA:141,6,1,0
BRDA:146,7,0,0
BRDA:174,8,0,0
BRDA:174,8,1,0
BRDA:181,9,0,0
BRDA:184,10,0,0
BRDA:184,10,1,0
BRDA:191,11,0,0
BRDA:191,11,1,0
BRDA:191,11,2,0
BRF:20
BRH:0
end_of_record
TN:
SF:src/shared/ui/card/index.tsx
FN:59,(anonymous_12)
FN:89,(anonymous_13)
FNF:2
FNH:0
FNDA:0,(anonymous_12)
FNDA:0,(anonymous_13)
DA:1,0
DA:2,0
DA:3,0
DA:5,0
DA:58,0
DA:74,0
DA:90,0
DA:91,0
DA:92,0
DA:128,0
DA:144,0
DA:159,0
DA:171,0
DA:179,0
DA:191,0
DA:194,0
DA:195,0
DA:196,0
DA:197,0
DA:198,0
DA:199,0
DA:200,0
DA:203,0
LF:23
LH:0
BRDA:65,0,0,0
BRDA:75,1,0,0
BRDA:75,1,1,0
BRDA:75,2,0,0
BRDA:75,2,1,0
BRDA:76,3,0,0
BRDA:76,3,1,0
BRDA:85,4,0,0
BRDA:85,4,1,0
BRDA:86,5,0,0
BRDA:86,5,1,0
BRDA:88,6,0,0
BRDA:88,6,1,0
BRDA:90,7,0,0
BRDA:90,8,0,0
BRDA:90,8,1,0
BRDA:100,9,0,0
BRDA:108,10,0,0
BRDA:108,10,1,0
BRDA:108,10,2,0
BRDA:108,10,3,0
BRDA:118,11,0,0
BRF:22
BRH:0
end_of_record
TN:
SF:src/shared/ui/input/index.tsx
FN:91,(anonymous_7)
FNF:1
FNH:0
FNDA:0,(anonymous_7)
DA:1,0
DA:2,0
DA:3,0
DA:4,0
DA:6,0
DA:90,0
DA:111,0
DA:114,0
DA:115,0
DA:236,0
DA:238,0
DA:239,0
LF:12
LH:0
BRDA:96,0,0,0
BRDA:111,1,0,0
BRDA:111,1,1,0
BRDA:111,2,0,0
BRDA:111,2,1,0
BRDA:115,3,0,0
BRDA:115,3,1,0
BRDA:120,4,0,0
BRDA:126,5,0,0
BRDA:133,6,0,0
BRDA:147,7,0,0
BRDA:147,7,1,0
BRDA:148,8,0,0
BRDA:148,8,1,0
BRDA:154,9,0,0
BRDA:154,9,1,0
BRDA:156,10,0,0
BRDA:156,10,1,0
BRDA:158,11,0,0
BRDA:158,11,1,0
BRDA:167,12,0,0
BRDA:178,13,0,0
BRDA:178,13,1,0
BRDA:178,13,2,0
BRDA:180,14,0,0
BRDA:202,15,0,0
BRDA:202,15,1,0
BRDA:224,16,0,0
BRDA:224,16,1,0
BRDA:224,16,2,0
BRF:30
BRH:0
end_of_record
TN:
SF:src/shared/ui/lazy-load/index.tsx
FN:12,LoadingSpinner
FN:21,LoadingSkeleton
FN:30,LazyLoadError
FN:55,LazyLoadWrapper
FN:73,createLazyComponent
FN:79,LazyLoadedComponent
FN:97,IntersectionLazy
FN:108,(anonymous_20)
FN:110,(anonymous_21)
FN:127,(anonymous_22)
FN:139,(anonymous_23)
FN:139,(anonymous_24)
FN:144,(anonymous_26)
FN:144,(anonymous_27)
FN:149,(anonymous_29)
FN:149,(anonymous_30)
FN:154,(anonymous_32)
FN:154,(anonymous_33)
FNF:18
FNH:0
FNDA:0,LoadingSpinner
FNDA:0,LoadingSkeleton
FNDA:0,LazyLoadError
FNDA:0,LazyLoadWrapper
FNDA:0,createLazyComponent
FNDA:0,LazyLoadedComponent
FNDA:0,IntersectionLazy
FNDA:0,(anonymous_20)
FNDA:0,(anonymous_21)
FNDA:0,(anonymous_22)
FNDA:0,(anonymous_23)
FNDA:0,(anonymous_24)
FNDA:0,(anonymous_26)
FNDA:0,(anonymous_27)
FNDA:0,(anonymous_29)
FNDA:0,(anonymous_30)
FNDA:0,(anonymous_32)
FNDA:0,(anonymous_33)
DA:8,0
DA:9,0
DA:55,0
DA:73,0
DA:77,0
DA:79,0
DA:97,0
DA:104,0
DA:105,0
DA:106,0
DA:108,0
DA:109,0
DA:111,0
DA:112,0
DA:113,0
DA:114,0
DA:123,0
DA:124,0
DA:127,0
DA:138,0
DA:139,0
DA:143,0
DA:144,0
DA:148,0
DA:149,0
DA:153,0
DA:154,0
DA:159,0
LF:28
LH:0
BRDA:35,0,0,0
BRDA:59,1,0,0
BRDA:62,2,0,0
BRDA:66,3,0,0
BRDA:66,3,1,0
BRDA:81,4,0,0
BRDA:81,4,1,0
BRDA:100,5,0,0
BRDA:101,6,0,0
BRDA:111,7,0,0
BRDA:111,8,0,0
BRDA:111,8,1,0
BRDA:123,9,0,0
BRDA:132,10,0,0
BRDA:132,10,1,0
BRF:15
BRH:0
end_of_record
TN:
SF:src/shared/ui/logo/index.tsx
FN:44,Logo
FNF:1
FNH:0
FNDA:0,Logo
DA:1,0
DA:2,0
DA:37,0
DA:44,0
DA:51,0
DA:58,0
DA:100,0
DA:178,0
LF:8
LH:0
BRDA:45,0,0,0
BRDA:46,1,0,0
BRDA:47,2,0,0
BRDA:53,3,0,0
BRDA:53,3,1,0
BRDA:58,4,0,0
BRDA:62,5,0,0
BRDA:86,6,0,0
BRDA:86,6,1,0
BRDA:90,7,0,0
BRDA:90,7,1,0
BRDA:100,8,0,0
BRDA:105,9,0,0
BRDA:105,9,1,0
BRDA:106,10,0,0
BRDA:106,10,1,0
BRDA:107,11,0,0
BRDA:107,11,1,0
BRDA:108,12,0,0
BRDA:108,12,1,0
BRDA:109,13,0,0
BRDA:109,13,1,0
BRDA:110,14,0,0
BRDA:110,14,1,0
BRDA:111,15,0,0
BRDA:111,15,1,0
BRDA:125,16,0,0
BRDA:149,17,0,0
BRDA:149,17,1,0
BRDA:153,18,0,0
BRDA:153,18,1,0
BRDA:163,19,0,0
BRDA:163,19,1,0
BRDA:164,20,0,0
BRDA:164,20,1,0
BRDA:165,21,0,0
BRDA:165,21,1,0
BRDA:166,22,0,0
BRDA:166,22,1,0
BRDA:167,23,0,0
BRDA:167,23,1,0
BRDA:168,24,0,0
BRDA:168,24,1,0
BRDA:169,25,0,0
BRDA:169,25,1,0
BRF:45
BRH:0
end_of_record
TN:
SF:src/shared/ui/optimized-image/index.tsx
FN:29,OptimizedImage
FN:47,(anonymous_6)
FN:52,(anonymous_7)
FN:105,VideoThumbnail
FN:126,UserAvatar
FNF:5
FNH:0
FNDA:0,OptimizedImage
FNDA:0,(anonymous_6)
FNDA:0,(anonymous_7)
FNDA:0,VideoThumbnail
FNDA:0,UserAvatar
DA:8,0
DA:9,0
DA:10,0
DA:27,0
DA:29,0
DA:43,0
DA:44,0
DA:45,0
DA:47,0
DA:48,0
DA:49,0
DA:52,0
DA:53,0
DA:54,0
DA:56,0
DA:58,0
DA:59,0
DA:62,0
DA:105,0
DA:126,0
LF:20
LH:0
BRDA:34,0,0,0
BRDA:36,1,0,0
BRDA:37,2,0,0
BRDA:38,3,0,0
BRDA:39,4,0,0
BRDA:43,5,0,0
BRDA:43,5,1,0
BRDA:53,6,0,0
BRDA:53,6,1,0
BRDA:62,7,0,0
BRDA:78,8,0,0
BRDA:97,9,0,0
BRDA:97,9,1,0
BRDA:109,10,0,0
BRDA:129,11,0,0
BRF:15
BRH:0
end_of_record
TN:
SF:src/widgets/contact-creator/ContactCreatorButton.tsx
FN:22,ContactCreatorButton
FN:111,(anonymous_2)
FN:145,(anonymous_3)
FN:159,(anonymous_4)
FN:164,(anonymous_5)
FNF:5
FNH:0
FNDA:0,ContactCreatorButton
FNDA:0,(anonymous_2)
FNDA:0,(anonymous_3)
FNDA:0,(anonymous_4)
FNDA:0,(anonymous_5)
DA:8,0
DA:9,0
DA:10,0
DA:11,0
DA:12,0
DA:22,0
DA:27,0
DA:30,0
DA:59,0
DA:64,0
DA:87,0
DA:88,0
DA:111,0
DA:145,0
DA:160,0
DA:162,0
DA:164,0
LF:17
LH:0
BRDA:30,0,0,0
BRDA:59,1,0,0
BRDA:64,2,0,0
BRDA:87,3,0,0
BRDA:95,4,0,0
BRF:5
BRH:0
end_of_record
TN:
SF:src/widgets/feedback-feed/FeedbackFeed.tsx
FN:63,CommentItem
FN:123,ProposalItem
FN:126,(anonymous_3)
FN:129,(anonymous_4)
FN:132,(anonymous_5)
FN:135,(anonymous_6)
FN:249,CommentSkeleton
FN:262,ProposalSkeleton
FN:286,FeedbackFeed
FN:307,(anonymous_10)
FN:313,(anonymous_11)
FN:342,(anonymous_12)
FN:348,(anonymous_13)
FNF:13
FNH:0
FNDA:0,CommentItem
FNDA:0,ProposalItem
FNDA:0,(anonymous_3)
FNDA:0,(anonymous_4)
FNDA:0,(anonymous_5)
FNDA:0,(anonymous_6)
FNDA:0,CommentSkeleton
FNDA:0,ProposalSkeleton
FNDA:0,FeedbackFeed
FNDA:0,(anonymous_10)
FNDA:0,(anonymous_11)
FNDA:0,(anonymous_12)
FNDA:0,(anonymous_13)
DA:8,0
DA:22,0
DA:23,0
DA:24,0
DA:64,0
DA:124,0
DA:126,0
DA:127,0
DA:129,0
DA:132,0
DA:133,0
DA:135,0
DA:138,0
DA:286,0
DA:287,0
DA:308,0
DA:314,0
DA:343,0
DA:349,0
LF:19
LH:0
BRDA:76,0,0,0
BRDA:153,1,0,0
BRDA:170,2,0,0
BRDA:211,3,0,0
BRDA:286,4,0,0
BRDA:306,5,0,0
BRDA:312,6,0,0
BRDA:341,7,0,0
BRDA:347,8,0,0
BRF:9
BRH:0
end_of_record
TN:
SF:src/widgets/header/Header.tsx
FN:25,ClientHeader
FN:29,(anonymous_2)
FN:30,(anonymous_3)
FN:32,(anonymous_4)
FN:63,(anonymous_5)
FN:81,(anonymous_6)
FN:146,(anonymous_7)
FN:155,Header
FNF:8
FNH:0
FNDA:0,ClientHeader
FNDA:0,(anonymous_2)
FNDA:0,(anonymous_3)
FNDA:0,(anonymous_4)
FNDA:0,(anonymous_5)
FNDA:0,(anonymous_6)
FNDA:0,(anonymous_7)
FNDA:0,Header
DA:8,0
DA:9,0
DA:10,0
DA:11,0
DA:12,0
DA:13,0
DA:14,0
DA:26,0
DA:29,0
DA:30,0
DA:31,0
DA:32,0
DA:63,0
DA:81,0
DA:146,0
DA:155,0
DA:156,0
LF:17
LH:0
BRDA:41,0,0,0
BRDA:58,1,0,0
BRDA:75,2,0,0
BRDA:91,3,0,0
BRDA:101,4,0,0
BRF:5
BRH:0
end_of_record
TN:
SF:src/widgets/profile-dropdown/ProfileDropdown.tsx
FN:31,ProfileDropdown
FN:36,(anonymous_2)
FN:37,(anonymous_3)
FN:44,(anonymous_4)
FN:48,(anonymous_5)
FN:49,(anonymous_6)
FN:56,(anonymous_7)
FN:59,(anonymous_8)
FN:132,(anonymous_9)
FN:212,(anonymous_10)
FN:224,(anonymous_11)
FNF:11
FNH:11
FNDA:34,ProfileDropdown
FNDA:17,(anonymous_2)
FNDA:16,(anonymous_3)
FNDA:17,(anonymous_4)
FNDA:34,(anonymous_5)
FNDA:1,(anonymous_6)
FNDA:34,(anonymous_7)
FNDA:1,(anonymous_8)
FNDA:14,(anonymous_9)
FNDA:91,(anonymous_10)
FNDA:1,(anonymous_11)
DA:8,1
DA:19,1
DA:20,1
DA:21,1
DA:22,1
DA:23,1
DA:31,17
DA:32,34
DA:33,34
DA:36,34
DA:37,17
DA:38,16
DA:39,1
DA:43,17
DA:44,17
DA:48,34
DA:49,34
DA:50,1
DA:51,1
DA:55,34
DA:56,34
DA:59,34
DA:60,1
DA:61,1
DA:64,34
DA:132,14
DA:213,91
DA:214,13
DA:219,78
DA:221,78
DA:224,1
LF:31
LH:31
BRDA:38,0,0,1
BRDA:38,1,0,16
BRDA:38,1,1,16
BRDA:50,2,0,1
BRDA:50,3,0,1
BRDA:50,3,1,1
BRDA:80,4,0,31
BRDA:80,4,1,3
BRDA:95,5,0,3
BRDA:95,5,1,31
BRDA:134,6,0,13
BRDA:134,6,1,21
BRDA:142,7,0,34
BRDA:142,7,1,2
BRDA:144,8,0,34
BRDA:154,9,0,1
BRDA:161,10,0,33
BRDA:161,10,1,2
BRDA:161,10,2,0
BRDA:170,11,0,13
BRDA:170,11,1,21
BRDA:176,12,0,34
BRDA:183,13,0,0
BRDA:190,14,0,13
BRDA:190,14,1,1
BRDA:190,14,2,0
BRDA:196,15,0,13
BRDA:196,15,1,1
BRDA:201,16,0,13
BRDA:213,17,0,13
BRF:30
BRH:27
end_of_record
TN:
SF:src/widgets/proposal-dashboard/NotificationBell.tsx
FN:27,NotificationBell
FN:37,(anonymous_2)
FN:56,(anonymous_3)
FN:61,(anonymous_4)
FN:63,(anonymous_5)
FN:67,(anonymous_6)
FN:71,(anonymous_7)
FN:72,(anonymous_8)
FN:78,(anonymous_9)
FN:86,(anonymous_10)
FN:87,(anonymous_11)
FN:90,(anonymous_12)
FN:95,(anonymous_13)
FN:112,(anonymous_14)
FN:131,(anonymous_15)
FN:153,(anonymous_16)
FN:176,(anonymous_17)
FN:179,(anonymous_18)
FN:226,(anonymous_19)
FNF:19
FNH:0
FNDA:0,NotificationBell
FNDA:0,(anonymous_2)
FNDA:0,(anonymous_3)
FNDA:0,(anonymous_4)
FNDA:0,(anonymous_5)
FNDA:0,(anonymous_6)
FNDA:0,(anonymous_7)
FNDA:0,(anonymous_8)
FNDA:0,(anonymous_9)
FNDA:0,(anonymous_10)
FNDA:0,(anonymous_11)
FNDA:0,(anonymous_12)
FNDA:0,(anonymous_13)
FNDA:0,(anonymous_14)
FNDA:0,(anonymous_15)
FNDA:0,(anonymous_16)
FNDA:0,(anonymous_17)
FNDA:0,(anonymous_18)
FNDA:0,(anonymous_19)
DA:8,0
DA:9,0
DA:10,0
DA:11,0
DA:17,0
DA:18,0
DA:27,0
DA:31,0
DA:32,0
DA:33,0
DA:34,0
DA:37,0
DA:38,0
DA:39,0
DA:40,0
DA:46,0
DA:47,0
DA:49,0
DA:51,0
DA:56,0
DA:57,0
DA:61,0
DA:62,0
DA:63,0
DA:67,0
DA:68,0
DA:69,0
DA:70,0
DA:71,0
DA:72,0
DA:73,0
DA:78,0
DA:81,0
DA:86,0
DA:87,0
DA:89,0
DA:90,0
DA:95,0
DA:96,0
DA:97,0
DA:101,0
DA:102,0
DA:105,0
DA:112,0
DA:131,0
DA:153,0
DA:177,0
DA:179,0
DA:227,0
DA:228,0
LF:50
LH:0
BRDA:70,0,0,0
BRDA:73,1,0,0
BRDA:73,1,1,0
BRDA:96,2,0,0
BRDA:101,3,0,0
BRDA:118,4,0,0
BRDA:120,5,0,0
BRDA:120,5,1,0
BRDA:126,6,0,0
BRDA:139,7,0,0
BRDA:139,7,1,0
BRDA:142,8,0,0
BRDA:165,9,0,0
BRDA:170,10,0,0
BRDA:181,11,0,0
BRDA:181,11,1,0
BRDA:198,12,0,0
BRDA:223,13,0,0
BRF:18
BRH:0
end_of_record
TN:
SF:src/widgets/proposal-dashboard/ProposalStats.tsx
FN:24,ProposalStats
FN:69,(anonymous_2)
FNF:2
FNH:0
FNDA:0,ProposalStats
FNDA:0,(anonymous_2)
DA:6,0
DA:15,0
DA:16,0
DA:24,0
DA:28,0
DA:30,0
DA:70,0
LF:7
LH:0
BRDA:121,0,0,0
BRDA:121,0,1,0
BRDA:156,1,0,0
BRDA:168,2,0,0
BRDA:173,3,0,0
BRDA:173,3,1,0
BRDA:176,4,0,0
BRDA:176,4,1,0
BRF:8
BRH:0
end_of_record
TN:
SF:src/widgets/realtime-interactions/RealtimeVideoInteractions.tsx
FN:29,RealtimeVideoInteractions
FN:45,(anonymous_2)
FN:55,(anonymous_3)
FN:66,(anonymous_4)
FN:79,(anonymous_5)
FN:91,(anonymous_6)
FN:99,(anonymous_7)
FN:126,(anonymous_8)
FN:137,(anonymous_9)
FN:171,(anonymous_10)
FNF:10
FNH:0
FNDA:0,RealtimeVideoInteractions
FNDA:0,(anonymous_2)
FNDA:0,(anonymous_3)
FNDA:0,(anonymous_4)
FNDA:0,(anonymous_5)
FNDA:0,(anonymous_6)
FNDA:0,(anonymous_7)
FNDA:0,(anonymous_8)
FNDA:0,(anonymous_9)
FNDA:0,(anonymous_10)
DA:8,0
DA:11,0
DA:12,0
DA:13,0
DA:29,0
DA:34,0
DA:37,0
DA:45,0
DA:46,0
DA:48,0
DA:52,0
DA:53,0
DA:55,0
DA:66,0
DA:67,0
DA:68,0
DA:73,0
DA:79,0
DA:80,0
DA:82,0
DA:85,0
DA:87,0
DA:91,0
DA:99,0
DA:100,0
DA:101,0
DA:103,0
DA:106,0
DA:111,0
DA:126,0
DA:137,0
DA:173,0
LF:32
LH:0
BRDA:38,0,0,0
BRDA:38,0,1,0
BRDA:39,1,0,0
BRDA:39,1,1,0
BRDA:40,2,0,0
BRDA:40,2,1,0
BRDA:41,3,0,0
BRDA:41,3,1,0
BRDA:46,4,0,0
BRDA:53,5,0,0
BRDA:53,5,1,0
BRDA:57,6,0,0
BRDA:57,6,1,0
BRDA:58,7,0,0
BRDA:58,7,1,0
BRDA:59,8,0,0
BRDA:59,8,1,0
BRDA:60,9,0,0
BRDA:60,9,1,0
BRDA:61,10,0,0
BRDA:61,10,1,0
BRDA:62,11,0,0
BRDA:62,11,1,0
BRDA:63,12,0,0
BRDA:63,12,1,0
BRDA:80,13,0,0
BRDA:85,14,0,0
BRDA:94,15,0,0
BRDA:94,15,1,0
BRDA:101,16,0,0
BRDA:101,16,1,0
BRDA:124,17,0,0
BRDA:124,17,1,0
BRDA:135,18,0,0
BRDA:135,18,1,0
BRDA:149,19,0,0
BRDA:149,19,1,0
BRDA:151,20,0,0
BRDA:151,20,1,0
BRDA:159,21,0,0
BRDA:159,21,1,0
BRDA:184,22,0,0
BRF:42
BRH:0
end_of_record
TN:
SF:src/widgets/realtime-video-stats/RealtimeVideoStats.tsx
FN:17,RealtimeVideoStats
FN:20,(anonymous_2)
FNF:2
FNH:0
FNDA:0,RealtimeVideoStats
FNDA:0,(anonymous_2)
DA:8,0
DA:17,0
DA:18,0
DA:21,0
DA:26,0
DA:28,0
DA:29,0
LF:7
LH:0
BRDA:26,0,0,0
BRDA:26,0,1,0
BRDA:28,1,0,0
BRDA:39,2,0,0
BRDA:39,2,1,0
BRDA:41,3,0,0
BRDA:51,4,0,0
BRDA:51,4,1,0
BRDA:59,5,0,0
BRDA:59,5,1,0
BRDA:67,6,0,0
BRDA:67,6,1,0
BRDA:74,7,0,0
BRDA:74,7,1,0
BRDA:76,8,0,0
BRDA:76,8,1,0
BRDA:81,9,0,0
BRDA:81,9,1,0
BRDA:81,10,0,0
BRDA:81,10,1,0
BRF:20
BRH:0
end_of_record
TN:
SF:src/widgets/search/SearchModal.tsx
FN:28,SearchModal
FN:37,(anonymous_2)
FN:38,(anonymous_3)
FN:57,(anonymous_4)
FN:60,(anonymous_5)
FN:72,(anonymous_6)
FN:76,(anonymous_7)
FN:83,(anonymous_8)
FN:93,(anonymous_9)
FN:126,(anonymous_10)
FN:142,(anonymous_11)
FN:143,(anonymous_12)
FN:147,(anonymous_13)
FN:151,(anonymous_14)
FN:159,(anonymous_15)
FN:172,(anonymous_16)
FN:195,(anonymous_17)
FN:237,(anonymous_18)
FN:240,(anonymous_19)
FNF:19
FNH:0
FNDA:0,SearchModal
FNDA:0,(anonymous_2)
FNDA:0,(anonymous_3)
FNDA:0,(anonymous_4)
FNDA:0,(anonymous_5)
FNDA:0,(anonymous_6)
FNDA:0,(anonymous_7)
FNDA:0,(anonymous_8)
FNDA:0,(anonymous_9)
FNDA:0,(anonymous_10)
FNDA:0,(anonymous_11)
FNDA:0,(anonymous_12)
FNDA:0,(anonymous_13)
FNDA:0,(anonymous_14)
FNDA:0,(anonymous_15)
FNDA:0,(anonymous_16)
FNDA:0,(anonymous_17)
FNDA:0,(anonymous_18)
FNDA:0,(anonymous_19)
DA:8,0
DA:9,0
DA:10,0
DA:11,0
DA:28,0
DA:29,0
DA:30,0
DA:31,0
DA:32,0
DA:33,0
DA:34,0
DA:37,0
DA:38,0
DA:40,0
DA:41,0
DA:42,0
DA:44,0
DA:49,0
DA:50,0
DA:54,0
DA:55,0
DA:56,0
DA:57,0
DA:58,0
DA:59,0
DA:60,0
DA:61,0
DA:62,0
DA:63,0
DA:64,0
DA:65,0
DA:71,0
DA:72,0
DA:76,0
DA:77,0
DA:78,0
DA:83,0
DA:84,0
DA:85,0
DA:86,0
DA:89,0
DA:91,0
DA:93,0
DA:95,0
DA:127,0
DA:131,0
DA:132,0
DA:134,0
DA:135,0
DA:137,0
DA:142,0
DA:143,0
DA:144,0
DA:147,0
DA:151,0
DA:152,0
DA:153,0
DA:157,0
DA:159,0
DA:160,0
DA:172,0
DA:173,0
DA:175,0
DA:177,0
DA:179,0
DA:181,0
DA:195,0
DA:238,0
DA:240,0
LF:69
LH:0
BRDA:40,0,0,0
BRDA:40,1,0,0
BRDA:40,1,1,0
BRDA:40,1,2,0
BRDA:42,2,0,0
BRDA:49,3,0,0
BRDA:49,4,0,0
BRDA:49,4,1,0
BRDA:54,5,0,0
BRDA:54,6,0,0
BRDA:54,6,1,0
BRDA:55,7,0,0
BRDA:55,7,1,0
BRDA:57,8,0,0
BRDA:57,8,1,0
BRDA:58,9,0,0
BRDA:58,9,1,0
BRDA:60,10,0,0
BRDA:60,10,1,0
BRDA:61,11,0,0
BRDA:64,12,0,0
BRDA:77,13,0,0
BRDA:77,14,0,0
BRDA:77,14,1,0
BRDA:84,15,0,0
BRDA:127,16,0,0
BRDA:127,16,1,0
BRDA:127,16,2,0
BRDA:157,17,0,0
BRDA:173,18,0,0
BRDA:173,18,1,0
BRDA:173,18,2,0
BRDA:173,18,3,0
BRDA:199,19,0,0
BRDA:216,20,0,0
BRDA:225,21,0,0
BRDA:223,22,0,0
BRDA:223,22,1,0
BRDA:242,23,0,0
BRDA:242,23,1,0
BRDA:258,24,0,0
BRDA:271,25,0,0
BRF:42
BRH:0
end_of_record
TN:
SF:src/widgets/sidebar/Sidebar.tsx
FN:268,MenuItem
FN:278,(anonymous_3)
FN:281,(anonymous_4)
FN:320,(anonymous_5)
FN:343,Sidebar
FN:351,(anonymous_7)
FN:352,(anonymous_8)
FN:358,(anonymous_9)
FN:362,(anonymous_10)
FN:369,(anonymous_11)
FN:370,(anonymous_12)
FN:377,(anonymous_13)
FN:386,(anonymous_14)
FN:396,(anonymous_15)
FN:397,(anonymous_16)
FN:404,(anonymous_17)
FN:422,(anonymous_18)
FNF:17
FNH:0
FNDA:0,MenuItem
FNDA:0,(anonymous_3)
FNDA:0,(anonymous_4)
FNDA:0,(anonymous_5)
FNDA:0,Sidebar
FNDA:0,(anonymous_7)
FNDA:0,(anonymous_8)
FNDA:0,(anonymous_9)
FNDA:0,(anonymous_10)
FNDA:0,(anonymous_11)
FNDA:0,(anonymous_12)
FNDA:0,(anonymous_13)
FNDA:0,(anonymous_14)
FNDA:0,(anonymous_15)
FNDA:0,(anonymous_16)
FNDA:0,(anonymous_17)
FNDA:0,(anonymous_18)
DA:8,0
DA:9,0
DA:10,0
DA:35,0
DA:36,0
DA:58,0
DA:166,0
DA:277,0
DA:278,0
DA:279,0
DA:281,0
DA:282,0
DA:283,0
DA:321,0
DA:343,0
DA:344,0
DA:345,0
DA:346,0
DA:348,0
DA:351,0
DA:352,0
DA:353,0
DA:356,0
DA:357,0
DA:358,0
DA:362,0
DA:363,0
DA:364,0
DA:369,0
DA:370,0
DA:371,0
DA:372,0
DA:376,0
DA:377,0
DA:386,0
DA:396,0
DA:397,0
DA:404,0
DA:423,0
LF:39
LH:0
BRDA:278,0,0,0
BRDA:278,0,1,0
BRDA:278,0,2,0
BRDA:279,1,0,0
BRDA:279,1,1,0
BRDA:282,2,0,0
BRDA:282,3,0,0
BRDA:282,3,1,0
BRDA:292,4,0,0
BRDA:292,4,1,0
BRDA:299,5,0,0
BRDA:299,5,1,0
BRDA:301,6,0,0
BRDA:304,7,0,0
BRDA:308,8,0,0
BRDA:308,8,1,0
BRDA:318,9,0,0
BRDA:318,9,1,0
BRDA:318,9,2,0
BRDA:325,10,0,0
BRDA:325,10,1,0
BRDA:343,11,0,0
BRDA:348,12,0,0
BRDA:348,12,1,0
BRDA:363,13,0,0
BRDA:363,14,0,0
BRDA:363,14,1,0
BRDA:371,15,0,0
BRDA:371,16,0,0
BRDA:371,16,1,0
BRDA:371,16,2,0
BRDA:383,17,0,0
BRDA:392,18,0,0
BRDA:392,18,1,0
BRDA:393,19,0,0
BRDA:393,19,1,0
BRDA:394,20,0,0
BRDA:394,20,1,0
BRDA:396,21,0,0
BRDA:396,21,1,0
BRDA:397,22,0,0
BRDA:397,22,1,0
BRDA:402,23,0,0
BRDA:413,24,0,0
BRDA:412,25,0,0
BRDA:412,25,1,0
BRDA:412,25,2,0
BRDA:426,26,0,0
BRDA:426,26,1,0
BRDA:426,26,2,0
BRDA:436,27,0,0
BRDA:436,27,1,0
BRDA:436,28,0,0
BRDA:436,28,1,0
BRDA:436,28,2,0
BRDA:441,29,0,0
BRDA:441,29,1,0
BRDA:441,29,2,0
BRDA:447,30,0,0
BRDA:447,30,1,0
BRF:60
BRH:0
end_of_record
TN:
SF:src/widgets/trending-videos/TrendingVideos.tsx
FN:21,TrendingVideos
FN:25,(anonymous_3)
FN:26,(anonymous_4)
FN:52,(anonymous_5)
FN:93,(anonymous_6)
FN:102,TrendingVideoCard
FN:114,(anonymous_8)
FN:152,TrendingVideoSkeleton
FN:173,getRelativeTime
FNF:9
FNH:0
FNDA:0,TrendingVideos
FNDA:0,(anonymous_3)
FNDA:0,(anonymous_4)
FNDA:0,(anonymous_5)
FNDA:0,(anonymous_6)
FNDA:0,TrendingVideoCard
FNDA:0,(anonymous_8)
FNDA:0,TrendingVideoSkeleton
FNDA:0,getRelativeTime
DA:8,0
DA:9,0
DA:11,0
DA:12,0
DA:13,0
DA:21,0
DA:22,0
DA:23,0
DA:25,0
DA:26,0
DA:27,0
DA:28,0
DA:29,0
DA:30,0
DA:31,0
DA:34,0
DA:35,0
DA:37,0
DA:41,0
DA:44,0
DA:53,0
DA:60,0
DA:94,0
DA:103,0
DA:114,0
DA:174,0
DA:175,0
DA:176,0
DA:178,0
DA:179,0
DA:180,0
DA:182,0
DA:183,0
DA:184,0
DA:185,0
DA:186,0
DA:187,0
DA:189,0
LF:38
LH:0
BRDA:21,0,0,0
BRDA:21,1,0,0
BRDA:30,2,0,0
BRDA:44,3,0,0
BRDA:49,4,0,0
BRDA:60,5,0,0
BRDA:83,6,0,0
BRDA:111,7,0,0
BRDA:110,8,0,0
BRDA:110,8,1,0
BRDA:182,9,0,0
BRDA:182,9,1,0
BRDA:184,10,0,0
BRDA:184,10,1,0
BRDA:186,11,0,0
BRDA:186,11,1,0
BRF:16
BRH:0
end_of_record
TN:
SF:src/widgets/video-comments/CommentsList.tsx
FN:26,CommentsList
FN:61,(anonymous_2)
FN:64,(anonymous_3)
FN:74,(anonymous_4)
FN:80,(anonymous_5)
FN:89,(anonymous_6)
FN:94,(anonymous_7)
FN:97,(anonymous_8)
FN:105,(anonymous_9)
FN:107,(anonymous_10)
FN:113,(anonymous_11)
FN:185,(anonymous_12)
FN:194,(anonymous_13)
FN:210,(anonymous_14)
FN:222,(anonymous_15)
FN:230,(anonymous_16)
FNF:16
FNH:0
FNDA:0,CommentsList
FNDA:0,(anonymous_2)
FNDA:0,(anonymous_3)
FNDA:0,(anonymous_4)
FNDA:0,(anonymous_5)
FNDA:0,(anonymous_6)
FNDA:0,(anonymous_7)
FNDA:0,(anonymous_8)
FNDA:0,(anonymous_9)
FNDA:0,(anonymous_10)
FNDA:0,(anonymous_11)
FNDA:0,(anonymous_12)
FNDA:0,(anonymous_13)
FNDA:0,(anonymous_14)
FNDA:0,(anonymous_15)
FNDA:0,(anonymous_16)
DA:8,0
DA:9,0
DA:10,0
DA:11,0
DA:12,0
DA:26,0
DA:35,0
DA:36,0
DA:50,0
DA:61,0
DA:62,0
DA:64,0
DA:65,0
DA:66,0
DA:67,0
DA:71,0
DA:74,0
DA:80,0
DA:81,0
DA:82,0
DA:83,0
DA:89,0
DA:90,0
DA:94,0
DA:95,0
DA:97,0
DA:98,0
DA:99,0
DA:100,0
DA:105,0
DA:107,0
DA:113,0
DA:114,0
DA:115,0
DA:116,0
DA:120,0
DA:125,0
DA:136,0
DA:186,0
DA:196,0
DA:197,0
DA:210,0
DA:222,0
DA:231,0
LF:44
LH:0
BRDA:29,0,0,0
BRDA:30,1,0,0
BRDA:31,2,0,0
BRDA:32,3,0,0
BRDA:62,4,0,0
BRDA:62,4,1,0
BRDA:71,5,0,0
BRDA:109,6,0,0
BRDA:109,6,1,0
BRDA:121,7,0,0
BRDA:121,7,1,0
BRDA:125,8,0,0
BRDA:125,9,0,0
BRDA:125,9,1,0
BRDA:136,10,0,0
BRDA:153,11,0,0
BRDA:157,12,0,0
BRDA:157,12,1,0
BRDA:160,13,0,0
BRDA:167,14,0,0
BRDA:167,14,1,0
BRDA:176,15,0,0
BRDA:196,16,0,0
BRDA:204,17,0,0
BRDA:204,17,1,0
BRDA:207,18,0,0
BRDA:249,19,0,0
BRDA:257,20,0,0
BRDA:257,20,1,0
BRF:29
BRH:0
end_of_record
TN:
SF:src/widgets/video-comments/VideoComments.tsx
FN:17,VideoComments
FNF:1
FNH:0
FNDA:0,VideoComments
DA:6,0
DA:8,0
DA:9,0
DA:17,0
DA:23,0
LF:5
LH:0
BRDA:34,0,0,0
BRDA:45,1,0,0
BRF:2
BRH:0
end_of_record
TN:
SF:src/widgets/video-gallery/VideoGallery.tsx
FN:42,VideoCard
FN:59,(anonymous_3)
FN:60,(anonymous_4)
FN:183,VideoCardSkeleton
FN:207,GalleryControls
FN:214,(anonymous_7)
FN:233,(anonymous_8)
FN:236,(anonymous_9)
FN:251,VideoGallery
FN:267,(anonymous_11)
FN:271,(anonymous_12)
FNF:11
FNH:0
FNDA:0,VideoCard
FNDA:0,(anonymous_3)
FNDA:0,(anonymous_4)
FNDA:0,VideoCardSkeleton
FNDA:0,GalleryControls
FNDA:0,(anonymous_7)
FNDA:0,(anonymous_8)
FNDA:0,(anonymous_9)
FNDA:0,VideoGallery
FNDA:0,(anonymous_11)
FNDA:0,(anonymous_12)
DA:8,0
DA:9,0
DA:23,0
DA:24,0
DA:43,0
DA:45,0
DA:51,0
DA:52,0
DA:53,0
DA:54,0
DA:59,0
DA:60,0
DA:214,0
DA:234,0
DA:236,0
DA:251,0
DA:268,0
DA:272,0
LF:18
LH:0
BRDA:51,0,0,0
BRDA:51,0,1,0
BRDA:51,1,0,0
BRDA:51,1,1,0
BRDA:52,2,0,0
BRDA:52,2,1,0
BRDA:53,3,0,0
BRDA:53,3,1,0
BRDA:54,4,0,0
BRDA:54,4,1,0
BRDA:65,5,0,0
BRDA:77,6,0,0
BRDA:91,7,0,0
BRDA:101,8,0,0
BRDA:101,8,1,0
BRDA:101,9,0,0
BRDA:101,9,1,0
BRDA:107,10,0,0
BRDA:107,10,1,0
BRDA:135,11,0,0
BRDA:135,11,1,0
BRDA:139,12,0,0
BRDA:139,12,1,0
BRDA:143,13,0,0
BRDA:143,13,1,0
BRDA:156,14,0,0
BRDA:167,15,0,0
BRDA:253,16,0,0
BRDA:265,17,0,0
BRDA:265,17,1,0
BRDA:277,18,0,0
BRDA:277,18,1,0
BRF:32
BRH:0
end_of_record
TN:
SF:src/widgets/video-grid/VideoCard.tsx
FN:23,VideoCard
FN:62,(anonymous_3)
FN:86,(anonymous_4)
FN:122,(anonymous_5)
FN:133,(anonymous_6)
FN:144,(anonymous_7)
FN:224,(anonymous_8)
FN:258,(anonymous_9)
FNF:8
FNH:0
FNDA:0,VideoCard
FNDA:0,(anonymous_3)
FNDA:0,(anonymous_4)
FNDA:0,(anonymous_5)
FNDA:0,(anonymous_6)
FNDA:0,(anonymous_7)
FNDA:0,(anonymous_8)
FNDA:0,(anonymous_9)
DA:8,0
DA:9,0
DA:11,0
DA:23,0
DA:32,0
DA:33,0
DA:35,0
DA:36,0
DA:37,0
DA:40,0
DA:43,0
DA:62,0
DA:86,0
DA:122,0
DA:134,0
DA:135,0
DA:145,0
DA:146,0
DA:225,0
DA:258,0
LF:20
LH:0
BRDA:25,0,0,0
BRDA:26,1,0,0
BRDA:27,2,0,0
BRDA:30,3,0,0
BRDA:36,4,0,0
BRDA:36,4,1,0
BRDA:36,4,2,0
BRDA:40,5,0,0
BRDA:40,5,1,0
BRDA:43,6,0,0
BRDA:43,6,1,0
BRDA:56,7,0,0
BRDA:58,8,0,0
BRDA:82,9,0,0
BRDA:97,10,0,0
BRDA:104,11,0,0
BRDA:104,11,1,0
BRDA:118,12,0,0
BRDA:118,12,1,0
BRDA:128,13,0,0
BRDA:131,14,0,0
BRDA:142,15,0,0
BRDA:166,16,0,0
BRDA:180,17,0,0
BRDA:180,17,1,0
BRDA:184,18,0,0
BRDA:202,19,0,0
BRDA:202,19,1,0
BRDA:222,20,0,0
BRDA:222,20,1,0
BRDA:233,21,0,0
BRDA:242,22,0,0
BRDA:242,22,1,0
BRDA:246,23,0,0
BRDA:246,23,1,0
BRDA:255,24,0,0
BRF:36
BRH:0
end_of_record
TN:
SF:src/widgets/video-grid/VideoGrid.tsx
FN:31,VideoGrid
FN:55,(anonymous_2)
FN:72,(anonymous_3)
FN:79,(anonymous_4)
FN:84,(anonymous_5)
FN:89,(anonymous_6)
FN:173,(anonymous_7)
FN:195,(anonymous_8)
FNF:8
FNH:0
FNDA:0,VideoGrid
FNDA:0,(anonymous_2)
FNDA:0,(anonymous_3)
FNDA:0,(anonymous_4)
FNDA:0,(anonymous_5)
FNDA:0,(anonymous_6)
FNDA:0,(anonymous_7)
FNDA:0,(anonymous_8)
DA:8,0
DA:9,0
DA:31,0
DA:49,0
DA:50,0
DA:51,0
DA:52,0
DA:55,0
DA:56,0
DA:57,0
DA:59,0
DA:60,0
DA:63,0
DA:64,0
DA:67,0
DA:72,0
DA:73,0
DA:74,0
DA:79,0
DA:80,0
DA:84,0
DA:85,0
DA:89,0
DA:90,0
DA:91,0
DA:92,0
DA:174,0
DA:196,0
LF:28
LH:0
BRDA:33,0,0,0
BRDA:34,1,0,0
BRDA:35,2,0,0
BRDA:36,3,0,0
BRDA:37,4,0,0
BRDA:38,5,0,0
BRDA:39,6,0,0
BRDA:40,7,0,0
BRDA:46,8,0,0
BRDA:47,9,0,0
BRDA:56,10,0,0
BRDA:59,11,0,0
BRDA:63,12,0,0
BRDA:73,13,0,0
BRDA:98,14,0,0
BRDA:98,14,1,0
BRDA:102,15,0,0
BRDA:115,16,0,0
BRDA:135,17,0,0
BRDA:158,18,0,0
BRDA:171,19,0,0
BRDA:171,19,1,0
BRDA:193,20,0,0
BRDA:193,20,1,0
BRDA:210,21,0,0
BRDA:210,21,1,0
BRDA:210,21,2,0
BRDA:217,22,0,0
BRDA:217,22,1,0
BRDA:217,23,0,0
BRDA:217,23,1,0
BRDA:217,23,2,0
BRDA:226,24,0,0
BRDA:226,24,1,0
BRDA:226,24,2,0
BRDA:238,25,0,0
BRDA:238,25,1,0
BRF:37
BRH:0
end_of_record
TN:
SF:src/widgets/video-info/VideoInfo.tsx
FN:23,VideoInfo
FN:128,(anonymous_3)
FN:222,(anonymous_4)
FNF:3
FNH:0
FNDA:0,VideoInfo
FNDA:0,(anonymous_3)
FNDA:0,(anonymous_4)
DA:8,0
DA:9,0
DA:12,0
DA:13,0
DA:14,0
DA:15,0
DA:23,0
DA:24,0
DA:27,0
DA:32,0
DA:128,0
DA:223,0
LF:12
LH:0
BRDA:27,0,0,0
BRDA:27,0,1,0
BRDA:27,1,0,0
BRDA:27,1,1,0
BRDA:50,2,0,0
BRDA:65,3,0,0
BRDA:72,4,0,0
BRDA:72,4,1,0
BRDA:82,5,0,0
BRDA:82,5,1,0
BRDA:85,6,0,0
BRDA:85,6,1,0
BRDA:87,7,0,0
BRDA:95,8,0,0
BRDA:95,8,1,0
BRDA:103,9,0,0
BRDA:107,10,0,0
BRDA:107,10,1,0
BRDA:115,11,0,0
BRDA:121,12,0,0
BRDA:126,13,0,0
BRDA:131,14,0,0
BRDA:131,14,1,0
BRDA:140,15,0,0
BRDA:140,15,1,0
BRDA:148,16,0,0
BRDA:155,17,0,0
BRDA:172,18,0,0
BRDA:179,19,0,0
BRDA:179,19,1,0
BRDA:188,20,0,0
BRDA:195,21,0,0
BRDA:218,22,0,0
BRDA:218,22,1,0
BRDA:236,23,0,0
BRDA:236,23,1,0
BRDA:253,24,0,0
BRDA:253,24,1,0
BRDA:260,25,0,0
BRDA:260,25,1,0
BRF:40
BRH:0
end_of_record
TN:
SF:src/widgets/video-interactions/VideoInteractions.tsx
FN:28,VideoInteractions
FN:41,(anonymous_2)
FN:43,(anonymous_3)
FN:52,(anonymous_4)
FN:68,(anonymous_5)
FN:85,(anonymous_6)
FN:105,(anonymous_7)
FN:140,(anonymous_8)
FN:151,(anonymous_9)
FN:179,(anonymous_10)
FN:210,(anonymous_11)
FN:218,(anonymous_12)
FN:227,InvestmentModal
FN:245,(anonymous_14)
FN:290,(anonymous_15)
FN:290,(anonymous_16)
FN:297,(anonymous_17)
FN:297,(anonymous_18)
FN:310,(anonymous_19)
FN:310,(anonymous_20)
FN:323,(anonymous_21)
FN:323,(anonymous_22)
FN:334,(anonymous_23)
FN:334,(anonymous_24)
FN:366,ShareModal
FN:406,(anonymous_26)
FN:409,(anonymous_27)
FNF:27
FNH:0
FNDA:0,VideoInteractions
FNDA:0,(anonymous_2)
FNDA:0,(anonymous_3)
FNDA:0,(anonymous_4)
FNDA:0,(anonymous_5)
FNDA:0,(anonymous_6)
FNDA:0,(anonymous_7)
FNDA:0,(anonymous_8)
FNDA:0,(anonymous_9)
FNDA:0,(anonymous_10)
FNDA:0,(anonymous_11)
FNDA:0,(anonymous_12)
FNDA:0,InvestmentModal
FNDA:0,(anonymous_14)
FNDA:0,(anonymous_15)
FNDA:0,(anonymous_16)
FNDA:0,(anonymous_17)
FNDA:0,(anonymous_18)
FNDA:0,(anonymous_19)
FNDA:0,(anonymous_20)
FNDA:0,(anonymous_21)
FNDA:0,(anonymous_22)
FNDA:0,(anonymous_23)
FNDA:0,(anonymous_24)
FNDA:0,ShareModal
FNDA:0,(anonymous_26)
FNDA:0,(anonymous_27)
DA:8,0
DA:11,0
DA:12,0
DA:13,0
DA:28,0
DA:29,0
DA:36,0
DA:37,0
DA:38,0
DA:41,0
DA:42,0
DA:43,0
DA:52,0
DA:53,0
DA:54,0
DA:55,0
DA:58,0
DA:60,0
DA:61,0
DA:62,0
DA:67,0
DA:68,0
DA:77,0
DA:78,0
DA:80,0
DA:85,0
DA:86,0
DA:87,0
DA:88,0
DA:91,0
DA:92,0
DA:93,0
DA:96,0
DA:97,0
DA:98,0
DA:101,0
DA:105,0
DA:106,0
DA:108,0
DA:110,0
DA:111,0
DA:112,0
DA:115,0
DA:119,0
DA:121,0
DA:122,0
DA:123,0
DA:124,0
DA:126,0
DA:140,0
DA:151,0
DA:179,0
DA:210,0
DA:218,0
DA:236,0
DA:243,0
DA:245,0
DA:246,0
DA:248,0
DA:250,0
DA:251,0
DA:252,0
DA:261,0
DA:262,0
DA:263,0
DA:266,0
DA:267,0
DA:269,0
DA:290,0
DA:297,0
DA:310,0
DA:323,0
DA:334,0
DA:375,0
DA:377,0
DA:407,0
DA:410,0
DA:411,0
LF:78
LH:0
BRDA:32,0,0,0
BRDA:32,0,1,0
BRDA:33,1,0,0
BRDA:33,1,1,0
BRDA:42,2,0,0
BRDA:42,3,0,0
BRDA:42,3,1,0
BRDA:53,4,0,0
BRDA:58,5,0,0
BRDA:67,6,0,0
BRDA:70,7,0,0
BRDA:70,7,1,0
BRDA:71,8,0,0
BRDA:71,8,1,0
BRDA:72,9,0,0
BRDA:72,9,1,0
BRDA:73,10,0,0
BRDA:73,10,1,0
BRDA:86,11,0,0
BRDA:91,12,0,0
BRDA:96,13,0,0
BRDA:108,14,0,0
BRDA:108,14,1,0
BRDA:108,14,2,0
BRDA:108,14,3,0
BRDA:138,15,0,0
BRDA:138,15,1,0
BRDA:144,16,0,0
BRDA:144,16,1,0
BRDA:149,17,0,0
BRDA:149,17,1,0
BRDA:155,18,0,0
BRDA:155,18,1,0
BRDA:161,19,0,0
BRDA:161,19,1,0
BRDA:189,20,0,0
BRDA:193,21,0,0
BRDA:198,22,0,0
BRDA:206,23,0,0
BRDA:215,24,0,0
BRDA:240,25,0,0
BRDA:240,25,1,0
BRDA:248,26,0,0
BRDA:254,27,0,0
BRDA:254,27,1,0
BRDA:255,28,0,0
BRDA:255,28,1,0
BRDA:261,29,0,0
BRDA:356,30,0,0
BRDA:356,30,1,0
BRF:50
BRH:0
end_of_record
TN:
SF:src/widgets/video-player/VideoPlayer.tsx
FN:20,VideoPlayer
FN:53,(anonymous_2)
FN:64,(anonymous_3)
FN:71,(anonymous_4)
FN:85,(anonymous_5)
FN:94,(anonymous_6)
FN:109,(anonymous_7)
FN:114,(anonymous_8)
FN:122,(anonymous_9)
FN:130,(anonymous_10)
FN:135,(anonymous_11)
FN:151,(anonymous_12)
FN:158,(anonymous_13)
FN:164,(anonymous_14)
FN:165,(anonymous_15)
FN:170,(anonymous_16)
FN:176,(anonymous_17)
FN:177,(anonymous_18)
FN:193,(anonymous_19)
FN:194,(anonymous_20)
FN:212,(anonymous_21)
FN:220,(anonymous_22)
FN:234,(anonymous_23)
FN:257,(anonymous_24)
FNF:24
FNH:0
FNDA:0,VideoPlayer
FNDA:0,(anonymous_2)
FNDA:0,(anonymous_3)
FNDA:0,(anonymous_4)
FNDA:0,(anonymous_5)
FNDA:0,(anonymous_6)
FNDA:0,(anonymous_7)
FNDA:0,(anonymous_8)
FNDA:0,(anonymous_9)
FNDA:0,(anonymous_10)
FNDA:0,(anonymous_11)
FNDA:0,(anonymous_12)
FNDA:0,(anonymous_13)
FNDA:0,(anonymous_14)
FNDA:0,(anonymous_15)
FNDA:0,(anonymous_16)
FNDA:0,(anonymous_17)
FNDA:0,(anonymous_18)
FNDA:0,(anonymous_19)
FNDA:0,(anonymous_20)
FNDA:0,(anonymous_21)
FNDA:0,(anonymous_22)
FNDA:0,(anonymous_23)
FNDA:0,(anonymous_24)
DA:8,0
DA:11,0
DA:20,0
DA:21,0
DA:22,0
DA:23,0
DA:24,0
DA:25,0
DA:26,0
DA:27,0
DA:28,0
DA:29,0
DA:30,0
DA:31,0
DA:33,0
DA:36,0
DA:53,0
DA:54,0
DA:56,0
DA:57,0
DA:59,0
DA:64,0
DA:65,0
DA:66,0
DA:67,0
DA:71,0
DA:72,0
DA:74,0
DA:75,0
DA:76,0
DA:77,0
DA:78,0
DA:80,0
DA:81,0
DA:85,0
DA:86,0
DA:87,0
DA:88,0
DA:89,0
DA:94,0
DA:95,0
DA:97,0
DA:98,0
DA:99,0
DA:102,0
DA:103,0
DA:109,0
DA:110,0
DA:111,0
DA:112,0
DA:114,0
DA:115,0
DA:116,0
DA:122,0
DA:123,0
DA:124,0
DA:125,0
DA:130,0
DA:131,0
DA:135,0
DA:136,0
DA:137,0
DA:140,0
DA:141,0
DA:151,0
DA:152,0
DA:153,0
DA:154,0
DA:158,0
DA:159,0
DA:160,0
DA:164,0
DA:165,0
DA:166,0
DA:169,0
DA:170,0
DA:171,0
DA:176,0
DA:177,0
DA:178,0
DA:179,0
DA:180,0
DA:181,0
DA:193,0
DA:194,0
DA:195,0
DA:197,0
DA:199,0
DA:200,0
DA:201,0
DA:203,0
DA:204,0
DA:205,0
DA:207,0
DA:208,0
DA:209,0
DA:211,0
DA:212,0
DA:213,0
DA:214,0
DA:215,0
DA:217,0
DA:219,0
DA:220,0
DA:221,0
DA:222,0
DA:223,0
DA:225,0
DA:227,0
DA:228,0
DA:229,0
DA:233,0
DA:234,0
DA:237,0
DA:257,0
DA:370,0
DA:391,0
DA:392,0
DA:393,0
DA:394,0
LF:120
LH:0
BRDA:20,0,0,0
BRDA:36,1,0,0
BRDA:54,2,0,0
BRDA:56,3,0,0
BRDA:56,3,1,0
BRDA:72,4,0,0
BRDA:72,5,0,0
BRDA:72,5,1,0
BRDA:88,6,0,0
BRDA:95,7,0,0
BRDA:97,8,0,0
BRDA:97,8,1,0
BRDA:98,9,0,0
BRDA:102,10,0,0
BRDA:111,11,0,0
BRDA:115,12,0,0
BRDA:124,13,0,0
BRDA:136,14,0,0
BRDA:140,15,0,0
BRDA:140,16,0,0
BRDA:140,16,1,0
BRDA:140,16,2,0
BRDA:143,17,0,0
BRDA:143,17,1,0
BRDA:152,18,0,0
BRDA:178,19,0,0
BRDA:178,20,0,0
BRDA:178,20,1,0
BRDA:180,21,0,0
BRDA:183,22,0,0
BRDA:183,22,1,0
BRDA:195,23,0,0
BRDA:197,24,0,0
BRDA:197,24,1,0
BRDA:197,24,2,0
BRDA:197,24,3,0
BRDA:197,24,4,0
BRDA:197,24,5,0
BRDA:214,25,0,0
BRDA:222,26,0,0
BRDA:237,27,0,0
BRDA:257,28,0,0
BRDA:257,28,1,0
BRDA:263,29,0,0
BRDA:263,29,1,0
BRDA:279,30,0,0
BRDA:289,31,0,0
BRDA:289,31,1,0
BRDA:303,32,0,0
BRDA:303,32,1,0
BRDA:314,33,0,0
BRDA:314,33,1,0
BRDA:326,34,0,0
BRDA:326,34,1,0
BRDA:336,35,0,0
BRDA:336,35,1,0
BRDA:336,36,0,0
BRDA:336,36,1,0
BRDA:355,37,0,0
BRDA:355,37,1,0
BRDA:391,38,0,0
BRF:61
BRH:0
end_of_record
TN:
SF:src/widgets/video-recommendations/VideoRecommendations.tsx
FN:35,VideoRecommendations
FN:45,(anonymous_3)
FN:46,(anonymous_4)
FN:66,(anonymous_5)
FN:67,(anonymous_6)
FN:96,(anonymous_7)
FN:108,(anonymous_8)
FN:118,(anonymous_9)
FN:139,(anonymous_10)
FN:152,RecommendationVideoCard
FN:167,(anonymous_12)
FN:212,RecommendationVideoSkeleton
FN:226,getRelativeTime
FNF:13
FNH:0
FNDA:0,VideoRecommendations
FNDA:0,(anonymous_3)
FNDA:0,(anonymous_4)
FNDA:0,(anonymous_5)
FNDA:0,(anonymous_6)
FNDA:0,(anonymous_7)
FNDA:0,(anonymous_8)
FNDA:0,(anonymous_9)
FNDA:0,(anonymous_10)
FNDA:0,RecommendationVideoCard
FNDA:0,(anonymous_12)
FNDA:0,RecommendationVideoSkeleton
FNDA:0,getRelativeTime
DA:8,0
DA:9,0
DA:11,0
DA:35,0
DA:40,0
DA:41,0
DA:42,0
DA:45,0
DA:46,0
DA:47,0
DA:48,0
DA:51,0
DA:53,0
DA:60,0
DA:63,0
DA:65,0
DA:66,0
DA:67,0
DA:76,0
DA:79,0
DA:80,0
DA:82,0
DA:86,0
DA:89,0
DA:97,0
DA:108,0
DA:118,0
DA:140,0
DA:153,0
DA:167,0
DA:227,0
DA:228,0
DA:229,0
DA:231,0
DA:232,0
DA:233,0
DA:235,0
DA:236,0
DA:237,0
DA:238,0
DA:239,0
DA:240,0
DA:242,0
LF:43
LH:0
BRDA:51,0,0,0
BRDA:51,0,1,0
BRDA:51,1,0,0
BRDA:51,1,1,0
BRDA:63,2,0,0
BRDA:70,3,0,0
BRDA:70,3,1,0
BRDA:71,4,0,0
BRDA:71,4,1,0
BRDA:72,5,0,0
BRDA:72,5,1,0
BRDA:73,6,0,0
BRDA:73,6,1,0
BRDA:89,7,0,0
BRDA:110,8,0,0
BRDA:110,8,1,0
BRDA:120,9,0,0
BRDA:120,9,1,0
BRDA:131,10,0,0
BRDA:131,10,1,0
BRDA:135,11,0,0
BRDA:135,11,1,0
BRDA:164,12,0,0
BRDA:163,13,0,0
BRDA:163,13,1,0
BRDA:177,14,0,0
BRDA:191,15,0,0
BRDA:199,16,0,0
BRDA:235,17,0,0
BRDA:235,17,1,0
BRDA:237,18,0,0
BRDA:237,18,1,0
BRDA:239,19,0,0
BRDA:239,19,1,0
BRF:34
BRH:0
end_of_record
